<?xml version="1.0" encoding="UTF-8"?>
<testsuites name="test suite12" time="27" tests="0" failures="2" errors="0">
   <testsuite name="test suite12" tests="0" failures="2" errors="0" time="27" timestamp="2018-05-10 00:10:06" hostname="42916 - DESKTOP-RG5AR5M" id="Test Suites/test suite12">
      <properties>
         <property name="deviceName" value=""/>
         <property name="devicePlatform" value=""/>
         <property name="logFolder" value="C:\\Users\\42916\\Desktop\\Advance Software Development\\project\\234project-backend\\katalon\\Reports\\test suite12\\20180510_001005"/>
         <property name="logFiles" value="C:\\Users\\42916\\Desktop\\Advance Software Development\\project\\234project-backend\\katalon\\Reports\\test suite12\\20180510_001005\\execution0.log"/>
         <property name="attachments" value="C:\\Users\\42916\\Desktop\\Advance Software Development\\project\\234project-backend\\katalon\\Reports\\test suite12\\20180510_001005\\1525885819770.png, C:\\Users\\42916\\Desktop\\Advance Software Development\\project\\234project-backend\\katalon\\Reports\\test suite12\\20180510_001005\\1525885820064.png, C:\\Users\\42916\\Desktop\\Advance Software Development\\project\\234project-backend\\katalon\\Reports\\test suite12\\20180510_001005\\1525885832898.png, C:\\Users\\42916\\Desktop\\Advance Software Development\\project\\234project-backend\\katalon\\Reports\\test suite12\\20180510_001005\\1525885833168.png"/>
         <property name="hostName" value="42916 - DESKTOP-RG5AR5M"/>
         <property name="os" value="Windows 10 64bit"/>
         <property name="katalonVersion" value="5.3.1.1"/>
         <property name="browser" value="Chrome 66.0.3359.139"/>
         <property name="hostAddress" value="192.168.43.29"/>
         <property name="sessionId" value="d3759c763d7590418372e39d899af510"/>
         <property name="seleniumVersion" value="3.7.1"/>
         <property name="proxyInformation" value="ProxyInformation{proxyOption=NO_PROXY, proxyServerType=HTTP, password=, proxyServerAddress=, proxyServerPort=0}"/>
         <property name="platform" value="Windows 10"/>
      </properties>
      <testcase name="Test Cases/case12" classname="Test Cases/case12" status="FAILED">
         <failure type="FAILED" message="Verify element text of test object 'Object Repository/case12_Page_ProjectBackend/td_2' FAILED. (Root cause: Actual text '2' and expected text '1' of test object 'Object Repository/case12_Page_ProjectBackend/td_2' are NOT matched.)"/>
         <system-out><![CDATA[2018-05-10 00:10:07 - [TEST_CASE][FAILED] - Test Cases/case12: Test Cases/case12 FAILED because (of) Verify element text of test object 'Object Repository/case12_Page_ProjectBackend/td_2' FAILED. (Root cause: Actual text '2' and expected text '1' of test object 'Object Repository/case12_Page_ProjectBackend/td_2' are NOT matched.)

2018-05-10 00:10:07 - [TEST_STEP][PASSED] - openBrowser: Browser is opened with url: ''

2018-05-10 00:10:10 - [MESSAGE][PASSED] - Browser is opened with url: ''

2018-05-10 00:10:10 - [TEST_STEP][PASSED] - navigateToUrl: Navigate to 'http://34.215.218.253:9998/' successfully

2018-05-10 00:10:17 - [MESSAGE][PASSED] - Navigate to 'http://34.215.218.253:9998/' successfully

2018-05-10 00:10:17 - [TEST_STEP][PASSED] - setText: Text 'admin' is set on object 'Object Repository/case12_Page_ProjectBackend/input_username'

2018-05-10 00:10:17 - [MESSAGE][PASSED] - Text 'admin' is set on object 'Object Repository/case12_Page_ProjectBackend/input_username'

2018-05-10 00:10:17 - [TEST_STEP][PASSED] - setText: Text 'admin' is set on object 'Object Repository/case12_Page_ProjectBackend/input_password'

2018-05-10 00:10:17 - [MESSAGE][PASSED] - Text 'admin' is set on object 'Object Repository/case12_Page_ProjectBackend/input_password'

2018-05-10 00:10:17 - [TEST_STEP][PASSED] - click: Object: 'Object Repository/case12_Page_ProjectBackend/button_Login' is clicked on

2018-05-10 00:10:17 - [MESSAGE][PASSED] - Object: 'Object Repository/case12_Page_ProjectBackend/button_Login' is clicked on

2018-05-10 00:10:17 - [TEST_STEP][PASSED] - click: Object: 'Object Repository/case12_Page_ProjectBackend/a_Total Transaction' is clicked on

2018-05-10 00:10:18 - [MESSAGE][PASSED] - Object: 'Object Repository/case12_Page_ProjectBackend/a_Total Transaction' is clicked on

2018-05-10 00:10:18 - [TEST_STEP][PASSED] - click: Object: 'Object Repository/case12_Page_ProjectBackend/div_Transaction List' is clicked on

2018-05-10 00:10:19 - [MESSAGE][PASSED] - Object: 'Object Repository/case12_Page_ProjectBackend/div_Transaction List' is clicked on

2018-05-10 00:10:19 - [TEST_STEP][PASSED] - verifyElementText: Actual text and expected text of test object 'Object Repository/case12_Page_ProjectBackend/td_1' are matched.

2018-05-10 00:10:19 - [MESSAGE][PASSED] - Actual text and expected text of test object 'Object Repository/case12_Page_ProjectBackend/td_1' are matched.

2018-05-10 00:10:19 - [TEST_STEP][PASSED] - verifyElementText: Actual text and expected text of test object 'Object Repository/case12_Page_ProjectBackend/td_Garden Papaya' are matched.

2018-05-10 00:10:19 - [MESSAGE][PASSED] - Actual text and expected text of test object 'Object Repository/case12_Page_ProjectBackend/td_Garden Papaya' are matched.

2018-05-10 00:10:19 - [TEST_STEP][FAILED] - verifyElementText: Verify element text of test object 'Object Repository/case12_Page_ProjectBackend/td_2' FAILED. (Root cause: Actual text '2' and expected text '1' of test object 'Object Repository/case12_Page_ProjectBackend/td_2' are NOT matched.)

2018-05-10 00:10:20 - [MESSAGE][FAILED] - Actual text '2' and expected text '1' of test object 'Object Repository/case12_Page_ProjectBackend/td_2' are NOT matched.
[[ATTACHMENT|C:\\Users\\42916\\Desktop\\Advance Software Development\\project\\234project-backend\\katalon\\Reports\\test suite12\\20180510_001005\\1525885819770.png]]

2018-05-10 00:10:20 - [MESSAGE][FAILED] - Verify element text of test object 'Object Repository/case12_Page_ProjectBackend/td_2' FAILED. (Root cause: Actual text '2' and expected text '1' of test object 'Object Repository/case12_Page_ProjectBackend/td_2' are NOT matched.)
[[ATTACHMENT|C:\\Users\\42916\\Desktop\\Advance Software Development\\project\\234project-backend\\katalon\\Reports\\test suite12\\20180510_001005\\1525885820064.png]]]]></system-out>
         <system-err><![CDATA[2018-05-10 00:10:07 - [TEST_CASE][FAILED] - Test Cases/case12: Test Cases/case12 FAILED because (of) Verify element text of test object 'Object Repository/case12_Page_ProjectBackend/td_2' FAILED. (Root cause: Actual text '2' and expected text '1' of test object 'Object Repository/case12_Page_ProjectBackend/td_2' are NOT matched.)]]></system-err>
      </testcase>
      <testcase name="Test Cases/case12" classname="Test Cases/case12" status="FAILED">
         <failure type="FAILED" message="Verify element text of test object 'Object Repository/case12_Page_ProjectBackend/td_1' FAILED. (Root cause: Actual text '1' and expected text '2' of test object 'Object Repository/case12_Page_ProjectBackend/td_1' are NOT matched.)"/>
         <system-out><![CDATA[2018-05-10 00:10:20 - [TEST_CASE][FAILED] - Test Cases/case12: Test Cases/case12 FAILED because (of) Verify element text of test object 'Object Repository/case12_Page_ProjectBackend/td_1' FAILED. (Root cause: Actual text '1' and expected text '2' of test object 'Object Repository/case12_Page_ProjectBackend/td_1' are NOT matched.)

2018-05-10 00:10:20 - [TEST_STEP][PASSED] - openBrowser: Browser is opened with url: ''

2018-05-10 00:10:20 - [MESSAGE][WARNING] - A browser is already opened. Closing browser and opening a new one

2018-05-10 00:10:22 - [MESSAGE][PASSED] - Browser is opened with url: ''

2018-05-10 00:10:22 - [TEST_STEP][PASSED] - navigateToUrl: Navigate to 'http://34.215.218.253:9998/' successfully

2018-05-10 00:10:30 - [MESSAGE][PASSED] - Navigate to 'http://34.215.218.253:9998/' successfully

2018-05-10 00:10:30 - [TEST_STEP][PASSED] - setText: Text 'admin' is set on object 'Object Repository/case12_Page_ProjectBackend/input_username'

2018-05-10 00:10:30 - [MESSAGE][PASSED] - Text 'admin' is set on object 'Object Repository/case12_Page_ProjectBackend/input_username'

2018-05-10 00:10:30 - [TEST_STEP][PASSED] - setText: Text 'admin' is set on object 'Object Repository/case12_Page_ProjectBackend/input_password'

2018-05-10 00:10:31 - [MESSAGE][PASSED] - Text 'admin' is set on object 'Object Repository/case12_Page_ProjectBackend/input_password'

2018-05-10 00:10:31 - [TEST_STEP][PASSED] - click: Object: 'Object Repository/case12_Page_ProjectBackend/button_Login' is clicked on

2018-05-10 00:10:31 - [MESSAGE][PASSED] - Object: 'Object Repository/case12_Page_ProjectBackend/button_Login' is clicked on

2018-05-10 00:10:31 - [TEST_STEP][PASSED] - click: Object: 'Object Repository/case12_Page_ProjectBackend/a_Total Transaction' is clicked on

2018-05-10 00:10:32 - [MESSAGE][PASSED] - Object: 'Object Repository/case12_Page_ProjectBackend/a_Total Transaction' is clicked on

2018-05-10 00:10:32 - [TEST_STEP][PASSED] - click: Object: 'Object Repository/case12_Page_ProjectBackend/div_Transaction List' is clicked on

2018-05-10 00:10:32 - [MESSAGE][PASSED] - Object: 'Object Repository/case12_Page_ProjectBackend/div_Transaction List' is clicked on

2018-05-10 00:10:32 - [TEST_STEP][FAILED] - verifyElementText: Verify element text of test object 'Object Repository/case12_Page_ProjectBackend/td_1' FAILED. (Root cause: Actual text '1' and expected text '2' of test object 'Object Repository/case12_Page_ProjectBackend/td_1' are NOT matched.)

2018-05-10 00:10:33 - [MESSAGE][FAILED] - Actual text '1' and expected text '2' of test object 'Object Repository/case12_Page_ProjectBackend/td_1' are NOT matched.
[[ATTACHMENT|C:\\Users\\42916\\Desktop\\Advance Software Development\\project\\234project-backend\\katalon\\Reports\\test suite12\\20180510_001005\\1525885832898.png]]

2018-05-10 00:10:33 - [MESSAGE][FAILED] - Verify element text of test object 'Object Repository/case12_Page_ProjectBackend/td_1' FAILED. (Root cause: Actual text '1' and expected text '2' of test object 'Object Repository/case12_Page_ProjectBackend/td_1' are NOT matched.)
[[ATTACHMENT|C:\\Users\\42916\\Desktop\\Advance Software Development\\project\\234project-backend\\katalon\\Reports\\test suite12\\20180510_001005\\1525885833168.png]]]]></system-out>
         <system-err><![CDATA[2018-05-10 00:10:20 - [TEST_CASE][FAILED] - Test Cases/case12: Test Cases/case12 FAILED because (of) Verify element text of test object 'Object Repository/case12_Page_ProjectBackend/td_1' FAILED. (Root cause: Actual text '1' and expected text '2' of test object 'Object Repository/case12_Page_ProjectBackend/td_1' are NOT matched.)]]></system-err>
      </testcase>
      <system-out><![CDATA[2018-05-10 00:10:06 - [TEST_SUITE][FAILED] - test suite12: Test Cases/case12 FAILED because (of) Verify element text of test object 'Object Repository/case12_Page_ProjectBackend/td_2' FAILED. (Root cause: Actual text '2' and expected text '1' of test object 'Object Repository/case12_Page_ProjectBackend/td_2' are NOT matched.)]]></system-out>
      <system-err><![CDATA[2018-05-10 00:10:06 - [TEST_SUITE][FAILED] - test suite12: Test Cases/case12 FAILED because (of) Verify element text of test object 'Object Repository/case12_Page_ProjectBackend/td_2' FAILED. (Root cause: Actual text '2' and expected text '1' of test object 'Object Repository/case12_Page_ProjectBackend/td_2' are NOT matched.)]]></system-err>
   </testsuite>
</testsuites>
