<?xml version="1.0" encoding="UTF-8"?>
<testsuites name="test suite9" time="91" tests="0" failures="2" errors="0">
   <testsuite name="test suite9" tests="0" failures="2" errors="0" time="91" timestamp="2018-05-09 23:25:31" hostname="42916 - DESKTOP-RG5AR5M" id="Test Suites/test suite9">
      <properties>
         <property name="deviceName" value=""/>
         <property name="devicePlatform" value=""/>
         <property name="logFolder" value="C:\\Users\\42916\\Desktop\\Advance Software Development\\project\\234project-backend\\katalon\\Reports\\test suite9\\20180509_232529"/>
         <property name="logFiles" value="C:\\Users\\42916\\Desktop\\Advance Software Development\\project\\234project-backend\\katalon\\Reports\\test suite9\\20180509_232529\\execution0.log"/>
         <property name="attachments" value="C:\\Users\\42916\\Desktop\\Advance Software Development\\project\\234project-backend\\katalon\\Reports\\test suite9\\20180509_232529\\1525883175745.png, C:\\Users\\42916\\Desktop\\Advance Software Development\\project\\234project-backend\\katalon\\Reports\\test suite9\\20180509_232529\\1525883176015.png, C:\\Users\\42916\\Desktop\\Advance Software Development\\project\\234project-backend\\katalon\\Reports\\test suite9\\20180509_232529\\1525883220994.png, C:\\Users\\42916\\Desktop\\Advance Software Development\\project\\234project-backend\\katalon\\Reports\\test suite9\\20180509_232529\\1525883221252.png"/>
         <property name="hostName" value="42916 - DESKTOP-RG5AR5M"/>
         <property name="os" value="Windows 10 64bit"/>
         <property name="katalonVersion" value="5.3.1.1"/>
         <property name="browser" value="Chrome 66.0.3359.139"/>
         <property name="hostAddress" value="192.168.43.29"/>
         <property name="sessionId" value="7ac13a77c2962e44f1fef9561abd04c1"/>
         <property name="seleniumVersion" value="3.7.1"/>
         <property name="proxyInformation" value="ProxyInformation{proxyOption=NO_PROXY, proxyServerType=HTTP, password=, proxyServerAddress=, proxyServerPort=0}"/>
         <property name="platform" value="Windows 10"/>
      </properties>
      <testcase name="Test Cases/case9" classname="Test Cases/case9" status="FAILED">
         <failure type="FAILED" message="Verify element text of test object 'Object Repository/case9_Page_ProjectBackend/p_Total price  20542 THB' FAILED. (Root cause: com.kms.katalon.core.webui.exception.WebElementNotFoundException: Web element with id: 'Object Repository/case9_Page_ProjectBackend/p_Total price  20542 THB' located by 'By.xpath: //p[(text() = 'Total price:  20,542 THB' or . = 'Total price:  20,542 THB')]' not found)"/>
         <system-out><![CDATA[2018-05-09 23:25:31 - [TEST_CASE][FAILED] - Test Cases/case9: Test Cases/case9 FAILED because (of) Verify element text of test object 'Object Repository/case9_Page_ProjectBackend/p_Total price  20542 THB' FAILED. (Root cause: com.kms.katalon.core.webui.exception.WebElementNotFoundException: Web element with id: 'Object Repository/case9_Page_ProjectBackend/p_Total price  20542 THB' located by 'By.xpath: //p[(text() = 'Total price:  20,542 THB' or . = 'Total price:  20,542 THB')]' not found)

2018-05-09 23:25:31 - [TEST_STEP][PASSED] - openBrowser: Browser is opened with url: ''

2018-05-09 23:25:34 - [MESSAGE][PASSED] - Browser is opened with url: ''

2018-05-09 23:25:34 - [TEST_STEP][PASSED] - navigateToUrl: Navigate to 'http://34.215.218.253:9998/' successfully

2018-05-09 23:25:42 - [MESSAGE][PASSED] - Navigate to 'http://34.215.218.253:9998/' successfully

2018-05-09 23:25:42 - [TEST_STEP][PASSED] - setText: Text 'user' is set on object 'Object Repository/case9_Page_ProjectBackend/input_username'

2018-05-09 23:25:42 - [MESSAGE][PASSED] - Text 'user' is set on object 'Object Repository/case9_Page_ProjectBackend/input_username'

2018-05-09 23:25:42 - [TEST_STEP][PASSED] - setText: Text 'user' is set on object 'Object Repository/case9_Page_ProjectBackend/input_password'

2018-05-09 23:25:42 - [MESSAGE][PASSED] - Text 'user' is set on object 'Object Repository/case9_Page_ProjectBackend/input_password'

2018-05-09 23:25:42 - [TEST_STEP][PASSED] - click: Object: 'Object Repository/case9_Page_ProjectBackend/button_Login' is clicked on

2018-05-09 23:25:43 - [MESSAGE][PASSED] - Object: 'Object Repository/case9_Page_ProjectBackend/button_Login' is clicked on

2018-05-09 23:25:43 - [TEST_STEP][PASSED] - click: Object: 'Object Repository/case9_Page_ProjectBackend/button_add to cart' is clicked on

2018-05-09 23:25:44 - [MESSAGE][PASSED] - Object: 'Object Repository/case9_Page_ProjectBackend/button_add to cart' is clicked on

2018-05-09 23:25:44 - [TEST_STEP][PASSED] - click: Object: 'Object Repository/case9_Page_ProjectBackend/button_add to cart' is clicked on

2018-05-09 23:25:44 - [MESSAGE][PASSED] - Object: 'Object Repository/case9_Page_ProjectBackend/button_add to cart' is clicked on

2018-05-09 23:25:44 - [TEST_STEP][PASSED] - click: Object: 'Object Repository/case9_Page_ProjectBackend/button_add to cart' is clicked on

2018-05-09 23:25:44 - [MESSAGE][PASSED] - Object: 'Object Repository/case9_Page_ProjectBackend/button_add to cart' is clicked on

2018-05-09 23:25:44 - [TEST_STEP][PASSED] - click: Object: 'Object Repository/case9_Page_ProjectBackend/button_add to cart' is clicked on

2018-05-09 23:25:44 - [MESSAGE][PASSED] - Object: 'Object Repository/case9_Page_ProjectBackend/button_add to cart' is clicked on

2018-05-09 23:25:44 - [TEST_STEP][PASSED] - click: Object: 'Object Repository/case9_Page_ProjectBackend/button_add to cart' is clicked on

2018-05-09 23:25:44 - [MESSAGE][PASSED] - Object: 'Object Repository/case9_Page_ProjectBackend/button_add to cart' is clicked on

2018-05-09 23:25:44 - [TEST_STEP][PASSED] - click: Object: 'Object Repository/case9_Page_ProjectBackend/span_5' is clicked on

2018-05-09 23:25:45 - [MESSAGE][PASSED] - Object: 'Object Repository/case9_Page_ProjectBackend/span_5' is clicked on

2018-05-09 23:25:45 - [TEST_STEP][PASSED] - setText: Text '5' is set on object 'Object Repository/case9_Page_ProjectBackend/input_amount'

2018-05-09 23:25:45 - [MESSAGE][PASSED] - Text '5' is set on object 'Object Repository/case9_Page_ProjectBackend/input_amount'

2018-05-09 23:25:45 - [TEST_STEP][FAILED] - verifyElementText: Verify element text of test object 'Object Repository/case9_Page_ProjectBackend/p_Total price  20542 THB' FAILED. (Root cause: com.kms.katalon.core.webui.exception.WebElementNotFoundException: Web element with id: 'Object Repository/case9_Page_ProjectBackend/p_Total price  20542 THB' located by 'By.xpath: //p[(text() = 'Total price:  20,542 THB' or . = 'Total price:  20,542 THB')]' not found)

2018-05-09 23:26:16 - [MESSAGE][FAILED] - com.kms.katalon.core.webui.exception.WebElementNotFoundException: Web element with id: 'Object Repository/case9_Page_ProjectBackend/p_Total price  20542 THB' located by 'By.xpath: //p[(text() = 'Total price:  20,542 THB' or . = 'Total price:  20,542 THB')]' not found
[[ATTACHMENT|C:\\Users\\42916\\Desktop\\Advance Software Development\\project\\234project-backend\\katalon\\Reports\\test suite9\\20180509_232529\\1525883175745.png]]

2018-05-09 23:26:16 - [MESSAGE][FAILED] - Verify element text of test object 'Object Repository/case9_Page_ProjectBackend/p_Total price  20542 THB' FAILED. (Root cause: com.kms.katalon.core.webui.exception.WebElementNotFoundException: Web element with id: 'Object Repository/case9_Page_ProjectBackend/p_Total price  20542 THB' located by 'By.xpath: //p[(text() = 'Total price:  20,542 THB' or . = 'Total price:  20,542 THB')]' not found)
[[ATTACHMENT|C:\\Users\\42916\\Desktop\\Advance Software Development\\project\\234project-backend\\katalon\\Reports\\test suite9\\20180509_232529\\1525883176015.png]]]]></system-out>
         <system-err><![CDATA[2018-05-09 23:25:31 - [TEST_CASE][FAILED] - Test Cases/case9: Test Cases/case9 FAILED because (of) Verify element text of test object 'Object Repository/case9_Page_ProjectBackend/p_Total price  20542 THB' FAILED. (Root cause: com.kms.katalon.core.webui.exception.WebElementNotFoundException: Web element with id: 'Object Repository/case9_Page_ProjectBackend/p_Total price  20542 THB' located by 'By.xpath: //p[(text() = 'Total price:  20,542 THB' or . = 'Total price:  20,542 THB')]' not found)]]></system-err>
      </testcase>
      <testcase name="Test Cases/case9" classname="Test Cases/case9" status="FAILED">
         <failure type="FAILED" message="Verify element text of test object 'Object Repository/case9_Page_ProjectBackend/p_Total price  20542 THB' FAILED. (Root cause: com.kms.katalon.core.webui.exception.WebElementNotFoundException: Web element with id: 'Object Repository/case9_Page_ProjectBackend/p_Total price  20542 THB' located by 'By.xpath: //p[(text() = 'Total price:  20,542 THB' or . = 'Total price:  20,542 THB')]' not found)"/>
         <system-out><![CDATA[2018-05-09 23:26:16 - [TEST_CASE][FAILED] - Test Cases/case9: Test Cases/case9 FAILED because (of) Verify element text of test object 'Object Repository/case9_Page_ProjectBackend/p_Total price  20542 THB' FAILED. (Root cause: com.kms.katalon.core.webui.exception.WebElementNotFoundException: Web element with id: 'Object Repository/case9_Page_ProjectBackend/p_Total price  20542 THB' located by 'By.xpath: //p[(text() = 'Total price:  20,542 THB' or . = 'Total price:  20,542 THB')]' not found)

2018-05-09 23:26:16 - [TEST_STEP][PASSED] - openBrowser: Browser is opened with url: ''

2018-05-09 23:26:16 - [MESSAGE][WARNING] - A browser is already opened. Closing browser and opening a new one

2018-05-09 23:26:18 - [MESSAGE][PASSED] - Browser is opened with url: ''

2018-05-09 23:26:18 - [TEST_STEP][PASSED] - navigateToUrl: Navigate to 'http://34.215.218.253:9998/' successfully

2018-05-09 23:26:27 - [MESSAGE][PASSED] - Navigate to 'http://34.215.218.253:9998/' successfully

2018-05-09 23:26:27 - [TEST_STEP][PASSED] - setText: Text 'hello' is set on object 'Object Repository/case9_Page_ProjectBackend/input_username'

2018-05-09 23:26:28 - [MESSAGE][PASSED] - Text 'hello' is set on object 'Object Repository/case9_Page_ProjectBackend/input_username'

2018-05-09 23:26:28 - [TEST_STEP][PASSED] - setText: Text 'hello' is set on object 'Object Repository/case9_Page_ProjectBackend/input_password'

2018-05-09 23:26:28 - [MESSAGE][PASSED] - Text 'hello' is set on object 'Object Repository/case9_Page_ProjectBackend/input_password'

2018-05-09 23:26:28 - [TEST_STEP][PASSED] - click: Object: 'Object Repository/case9_Page_ProjectBackend/button_Login' is clicked on

2018-05-09 23:26:28 - [MESSAGE][PASSED] - Object: 'Object Repository/case9_Page_ProjectBackend/button_Login' is clicked on

2018-05-09 23:26:28 - [TEST_STEP][PASSED] - click: Object: 'Object Repository/case9_Page_ProjectBackend/button_add to cart' is clicked on

2018-05-09 23:26:29 - [MESSAGE][PASSED] - Object: 'Object Repository/case9_Page_ProjectBackend/button_add to cart' is clicked on

2018-05-09 23:26:29 - [TEST_STEP][PASSED] - click: Object: 'Object Repository/case9_Page_ProjectBackend/button_add to cart' is clicked on

2018-05-09 23:26:30 - [MESSAGE][PASSED] - Object: 'Object Repository/case9_Page_ProjectBackend/button_add to cart' is clicked on

2018-05-09 23:26:30 - [TEST_STEP][PASSED] - click: Object: 'Object Repository/case9_Page_ProjectBackend/button_add to cart' is clicked on

2018-05-09 23:26:30 - [MESSAGE][PASSED] - Object: 'Object Repository/case9_Page_ProjectBackend/button_add to cart' is clicked on

2018-05-09 23:26:30 - [TEST_STEP][PASSED] - click: Object: 'Object Repository/case9_Page_ProjectBackend/button_add to cart' is clicked on

2018-05-09 23:26:30 - [MESSAGE][PASSED] - Object: 'Object Repository/case9_Page_ProjectBackend/button_add to cart' is clicked on

2018-05-09 23:26:30 - [TEST_STEP][PASSED] - click: Object: 'Object Repository/case9_Page_ProjectBackend/button_add to cart' is clicked on

2018-05-09 23:26:30 - [MESSAGE][PASSED] - Object: 'Object Repository/case9_Page_ProjectBackend/button_add to cart' is clicked on

2018-05-09 23:26:30 - [TEST_STEP][PASSED] - click: Object: 'Object Repository/case9_Page_ProjectBackend/span_5' is clicked on

2018-05-09 23:26:30 - [MESSAGE][PASSED] - Object: 'Object Repository/case9_Page_ProjectBackend/span_5' is clicked on

2018-05-09 23:26:30 - [TEST_STEP][PASSED] - setText: Text '5' is set on object 'Object Repository/case9_Page_ProjectBackend/input_amount'

2018-05-09 23:26:30 - [MESSAGE][PASSED] - Text '5' is set on object 'Object Repository/case9_Page_ProjectBackend/input_amount'

2018-05-09 23:26:30 - [TEST_STEP][FAILED] - verifyElementText: Verify element text of test object 'Object Repository/case9_Page_ProjectBackend/p_Total price  20542 THB' FAILED. (Root cause: com.kms.katalon.core.webui.exception.WebElementNotFoundException: Web element with id: 'Object Repository/case9_Page_ProjectBackend/p_Total price  20542 THB' located by 'By.xpath: //p[(text() = 'Total price:  20,542 THB' or . = 'Total price:  20,542 THB')]' not found)

2018-05-09 23:27:01 - [MESSAGE][FAILED] - com.kms.katalon.core.webui.exception.WebElementNotFoundException: Web element with id: 'Object Repository/case9_Page_ProjectBackend/p_Total price  20542 THB' located by 'By.xpath: //p[(text() = 'Total price:  20,542 THB' or . = 'Total price:  20,542 THB')]' not found
[[ATTACHMENT|C:\\Users\\42916\\Desktop\\Advance Software Development\\project\\234project-backend\\katalon\\Reports\\test suite9\\20180509_232529\\1525883220994.png]]

2018-05-09 23:27:01 - [MESSAGE][FAILED] - Verify element text of test object 'Object Repository/case9_Page_ProjectBackend/p_Total price  20542 THB' FAILED. (Root cause: com.kms.katalon.core.webui.exception.WebElementNotFoundException: Web element with id: 'Object Repository/case9_Page_ProjectBackend/p_Total price  20542 THB' located by 'By.xpath: //p[(text() = 'Total price:  20,542 THB' or . = 'Total price:  20,542 THB')]' not found)
[[ATTACHMENT|C:\\Users\\42916\\Desktop\\Advance Software Development\\project\\234project-backend\\katalon\\Reports\\test suite9\\20180509_232529\\1525883221252.png]]]]></system-out>
         <system-err><![CDATA[2018-05-09 23:26:16 - [TEST_CASE][FAILED] - Test Cases/case9: Test Cases/case9 FAILED because (of) Verify element text of test object 'Object Repository/case9_Page_ProjectBackend/p_Total price  20542 THB' FAILED. (Root cause: com.kms.katalon.core.webui.exception.WebElementNotFoundException: Web element with id: 'Object Repository/case9_Page_ProjectBackend/p_Total price  20542 THB' located by 'By.xpath: //p[(text() = 'Total price:  20,542 THB' or . = 'Total price:  20,542 THB')]' not found)]]></system-err>
      </testcase>
      <system-out><![CDATA[2018-05-09 23:25:31 - [TEST_SUITE][FAILED] - test suite9: Test Cases/case9 FAILED because (of) Verify element text of test object 'Object Repository/case9_Page_ProjectBackend/p_Total price  20542 THB' FAILED. (Root cause: com.kms.katalon.core.webui.exception.WebElementNotFoundException: Web element with id: 'Object Repository/case9_Page_ProjectBackend/p_Total price  20542 THB' located by 'By.xpath: //p[(text() = 'Total price:  20,542 THB' or . = 'Total price:  20,542 THB')]' not found)]]></system-out>
      <system-err><![CDATA[2018-05-09 23:25:31 - [TEST_SUITE][FAILED] - test suite9: Test Cases/case9 FAILED because (of) Verify element text of test object 'Object Repository/case9_Page_ProjectBackend/p_Total price  20542 THB' FAILED. (Root cause: com.kms.katalon.core.webui.exception.WebElementNotFoundException: Web element with id: 'Object Repository/case9_Page_ProjectBackend/p_Total price  20542 THB' located by 'By.xpath: //p[(text() = 'Total price:  20,542 THB' or . = 'Total price:  20,542 THB')]' not found)]]></system-err>
   </testsuite>
</testsuites>
