<?xml version="1.0" encoding="UTF-8"?>
<testsuites name="test suite7" time="82" tests="2" failures="1" errors="0">
   <testsuite name="test suite7" tests="2" failures="1" errors="0" time="82" timestamp="2018-05-10 15:57:20" hostname="42916 - 10.80.141.146" id="Test Suites/test suite7">
      <properties>
         <property name="deviceName" value=""/>
         <property name="devicePlatform" value=""/>
         <property name="logFolder" value="C:\\Users\\42916\\Desktop\\Advance Software Development\\project\\234project-backend\\katalon\\Reports\\test suite7\\20180510_155719"/>
         <property name="logFiles" value="C:\\Users\\42916\\Desktop\\Advance Software Development\\project\\234project-backend\\katalon\\Reports\\test suite7\\20180510_155719\\execution0.log"/>
         <property name="attachments" value="C:\\Users\\42916\\Desktop\\Advance Software Development\\project\\234project-backend\\katalon\\Reports\\test suite7\\20180510_155719\\1525942685556.png, C:\\Users\\42916\\Desktop\\Advance Software Development\\project\\234project-backend\\katalon\\Reports\\test suite7\\20180510_155719\\1525942685848.png"/>
         <property name="hostName" value="42916 - 10.80.141.146"/>
         <property name="os" value="Windows 10 64bit"/>
         <property name="katalonVersion" value="5.3.1.1"/>
         <property name="browser" value="Chrome 66.0.3359.139"/>
         <property name="hostAddress" value="10.80.141.146"/>
         <property name="sessionId" value="62de752a5a0293545c90b76824b27ab5"/>
         <property name="seleniumVersion" value="3.7.1"/>
         <property name="proxyInformation" value="ProxyInformation{proxyOption=NO_PROXY, proxyServerType=HTTP, password=, proxyServerAddress=, proxyServerPort=0}"/>
         <property name="platform" value="Windows 10"/>
      </properties>
      <testcase name="Test Cases/case7" classname="Test Cases/case7" status="FAILED">
         <failure type="FAILED" message="Verify element text of test object 'Object Repository/case7_Page_ProjectBackend/h5_Garden' FAILED. (Root cause: com.kms.katalon.core.webui.exception.WebElementNotFoundException: Web element with id: 'Object Repository/case7_Page_ProjectBackend/h5_Garden' located by 'By.xpath: //h5[(text() = 'Garden' or . = 'Garden')]' not found)"/>
         <system-out><![CDATA[2018-05-10 15:57:21 - [TEST_CASE][FAILED] - Test Cases/case7: Test Cases/case7 FAILED because (of) Verify element text of test object 'Object Repository/case7_Page_ProjectBackend/h5_Garden' FAILED. (Root cause: com.kms.katalon.core.webui.exception.WebElementNotFoundException: Web element with id: 'Object Repository/case7_Page_ProjectBackend/h5_Garden' located by 'By.xpath: //h5[(text() = 'Garden' or . = 'Garden')]' not found)

2018-05-10 15:57:21 - [TEST_STEP][PASSED] - openBrowser: Browser is opened with url: ''

2018-05-10 15:57:25 - [MESSAGE][PASSED] - Browser is opened with url: ''

2018-05-10 15:57:25 - [TEST_STEP][PASSED] - navigateToUrl: Navigate to 'http://34.215.218.253:9998/' successfully

2018-05-10 15:57:34 - [MESSAGE][PASSED] - Navigate to 'http://34.215.218.253:9998/' successfully

2018-05-10 15:57:34 - [TEST_STEP][PASSED] - setText: Text 'admin' is set on object 'Object Repository/case7_Page_ProjectBackend/input_username'

2018-05-10 15:57:34 - [MESSAGE][PASSED] - Text 'admin' is set on object 'Object Repository/case7_Page_ProjectBackend/input_username'

2018-05-10 15:57:34 - [TEST_STEP][PASSED] - setText: Text 'admin' is set on object 'Object Repository/case7_Page_ProjectBackend/input_password'

2018-05-10 15:57:34 - [MESSAGE][PASSED] - Text 'admin' is set on object 'Object Repository/case7_Page_ProjectBackend/input_password'

2018-05-10 15:57:34 - [TEST_STEP][PASSED] - click: Object: 'Object Repository/case7_Page_ProjectBackend/button_Login' is clicked on

2018-05-10 15:57:34 - [MESSAGE][PASSED] - Object: 'Object Repository/case7_Page_ProjectBackend/button_Login' is clicked on

2018-05-10 15:57:34 - [TEST_STEP][FAILED] - verifyElementText: Verify element text of test object 'Object Repository/case7_Page_ProjectBackend/h5_Garden' FAILED. (Root cause: com.kms.katalon.core.webui.exception.WebElementNotFoundException: Web element with id: 'Object Repository/case7_Page_ProjectBackend/h5_Garden' located by 'By.xpath: //h5[(text() = 'Garden' or . = 'Garden')]' not found)

2018-05-10 15:58:05 - [MESSAGE][FAILED] - com.kms.katalon.core.webui.exception.WebElementNotFoundException: Web element with id: 'Object Repository/case7_Page_ProjectBackend/h5_Garden' located by 'By.xpath: //h5[(text() = 'Garden' or . = 'Garden')]' not found
[[ATTACHMENT|C:\\Users\\42916\\Desktop\\Advance Software Development\\project\\234project-backend\\katalon\\Reports\\test suite7\\20180510_155719\\1525942685556.png]]

2018-05-10 15:58:06 - [MESSAGE][FAILED] - Verify element text of test object 'Object Repository/case7_Page_ProjectBackend/h5_Garden' FAILED. (Root cause: com.kms.katalon.core.webui.exception.WebElementNotFoundException: Web element with id: 'Object Repository/case7_Page_ProjectBackend/h5_Garden' located by 'By.xpath: //h5[(text() = 'Garden' or . = 'Garden')]' not found)
[[ATTACHMENT|C:\\Users\\42916\\Desktop\\Advance Software Development\\project\\234project-backend\\katalon\\Reports\\test suite7\\20180510_155719\\1525942685848.png]]]]></system-out>
         <system-err><![CDATA[2018-05-10 15:57:21 - [TEST_CASE][FAILED] - Test Cases/case7: Test Cases/case7 FAILED because (of) Verify element text of test object 'Object Repository/case7_Page_ProjectBackend/h5_Garden' FAILED. (Root cause: com.kms.katalon.core.webui.exception.WebElementNotFoundException: Web element with id: 'Object Repository/case7_Page_ProjectBackend/h5_Garden' located by 'By.xpath: //h5[(text() = 'Garden' or . = 'Garden')]' not found)]]></system-err>
      </testcase>
      <testcase name="Test Cases/case7" classname="Test Cases/case7" status="PASSED">
         <system-out><![CDATA[2018-05-10 15:58:06 - [TEST_CASE][PASSED] - Test Cases/case7: Test Cases/case7

2018-05-10 15:58:06 - [TEST_STEP][PASSED] - openBrowser: Browser is opened with url: ''

2018-05-10 15:58:06 - [MESSAGE][WARNING] - A browser is already opened. Closing browser and opening a new one

2018-05-10 15:58:08 - [MESSAGE][PASSED] - Browser is opened with url: ''

2018-05-10 15:58:08 - [TEST_STEP][PASSED] - navigateToUrl: Navigate to 'http://34.215.218.253:9998/' successfully

2018-05-10 15:58:27 - [MESSAGE][PASSED] - Navigate to 'http://34.215.218.253:9998/' successfully

2018-05-10 15:58:27 - [TEST_STEP][PASSED] - setText: Text 'user' is set on object 'Object Repository/case7_Page_ProjectBackend/input_username'

2018-05-10 15:58:27 - [MESSAGE][PASSED] - Text 'user' is set on object 'Object Repository/case7_Page_ProjectBackend/input_username'

2018-05-10 15:58:27 - [TEST_STEP][PASSED] - setText: Text 'user' is set on object 'Object Repository/case7_Page_ProjectBackend/input_password'

2018-05-10 15:58:27 - [MESSAGE][PASSED] - Text 'user' is set on object 'Object Repository/case7_Page_ProjectBackend/input_password'

2018-05-10 15:58:27 - [TEST_STEP][PASSED] - click: Object: 'Object Repository/case7_Page_ProjectBackend/button_Login' is clicked on

2018-05-10 15:58:27 - [MESSAGE][PASSED] - Object: 'Object Repository/case7_Page_ProjectBackend/button_Login' is clicked on

2018-05-10 15:58:27 - [TEST_STEP][PASSED] - verifyElementText: Actual text and expected text of test object 'Object Repository/case7_Page_ProjectBackend/h5_Garden' are matched.

2018-05-10 15:58:29 - [MESSAGE][PASSED] - Actual text and expected text of test object 'Object Repository/case7_Page_ProjectBackend/h5_Garden' are matched.

2018-05-10 15:58:29 - [TEST_STEP][PASSED] - verifyElementText: Actual text and expected text of test object 'Object Repository/case7_Page_ProjectBackend/h5_Banana' are matched.

2018-05-10 15:58:29 - [MESSAGE][PASSED] - Actual text and expected text of test object 'Object Repository/case7_Page_ProjectBackend/h5_Banana' are matched.

2018-05-10 15:58:29 - [TEST_STEP][PASSED] - verifyElementText: Actual text and expected text of test object 'Object Repository/case7_Page_ProjectBackend/h5_Orange' are matched.

2018-05-10 15:58:29 - [MESSAGE][PASSED] - Actual text and expected text of test object 'Object Repository/case7_Page_ProjectBackend/h5_Orange' are matched.

2018-05-10 15:58:29 - [TEST_STEP][PASSED] - verifyElementText: Actual text and expected text of test object 'Object Repository/case7_Page_ProjectBackend/h5_Papaya' are matched.

2018-05-10 15:58:29 - [MESSAGE][PASSED] - Actual text and expected text of test object 'Object Repository/case7_Page_ProjectBackend/h5_Papaya' are matched.

2018-05-10 15:58:29 - [TEST_STEP][PASSED] - verifyElementText: Actual text and expected text of test object 'Object Repository/case7_Page_ProjectBackend/h5_Rambutan' are matched.

2018-05-10 15:58:29 - [MESSAGE][PASSED] - Actual text and expected text of test object 'Object Repository/case7_Page_ProjectBackend/h5_Rambutan' are matched.

2018-05-10 15:58:29 - [TEST_STEP][PASSED] - closeBrowser: Browser is closed

2018-05-10 15:58:30 - [MESSAGE][PASSED] - Browser is closed]]></system-out>
         <system-err><![CDATA[]]></system-err>
      </testcase>
      <testcase name="Test Cases/case7" classname="Test Cases/case7" status="PASSED">
         <system-out><![CDATA[2018-05-10 15:58:30 - [TEST_CASE][PASSED] - Test Cases/case7: Test Cases/case7

2018-05-10 15:58:30 - [TEST_STEP][PASSED] - openBrowser: Browser is opened with url: ''

2018-05-10 15:58:32 - [MESSAGE][PASSED] - Browser is opened with url: ''

2018-05-10 15:58:32 - [TEST_STEP][PASSED] - navigateToUrl: Navigate to 'http://34.215.218.253:9998/' successfully

2018-05-10 15:58:41 - [MESSAGE][PASSED] - Navigate to 'http://34.215.218.253:9998/' successfully

2018-05-10 15:58:41 - [TEST_STEP][PASSED] - setText: Text 'hello' is set on object 'Object Repository/case7_Page_ProjectBackend/input_username'

2018-05-10 15:58:41 - [MESSAGE][PASSED] - Text 'hello' is set on object 'Object Repository/case7_Page_ProjectBackend/input_username'

2018-05-10 15:58:41 - [TEST_STEP][PASSED] - setText: Text 'hello' is set on object 'Object Repository/case7_Page_ProjectBackend/input_password'

2018-05-10 15:58:41 - [MESSAGE][PASSED] - Text 'hello' is set on object 'Object Repository/case7_Page_ProjectBackend/input_password'

2018-05-10 15:58:41 - [TEST_STEP][PASSED] - click: Object: 'Object Repository/case7_Page_ProjectBackend/button_Login' is clicked on

2018-05-10 15:58:41 - [MESSAGE][PASSED] - Object: 'Object Repository/case7_Page_ProjectBackend/button_Login' is clicked on

2018-05-10 15:58:41 - [TEST_STEP][PASSED] - verifyElementText: Actual text and expected text of test object 'Object Repository/case7_Page_ProjectBackend/h5_Garden' are matched.

2018-05-10 15:58:42 - [MESSAGE][PASSED] - Actual text and expected text of test object 'Object Repository/case7_Page_ProjectBackend/h5_Garden' are matched.

2018-05-10 15:58:42 - [TEST_STEP][PASSED] - verifyElementText: Actual text and expected text of test object 'Object Repository/case7_Page_ProjectBackend/h5_Banana' are matched.

2018-05-10 15:58:43 - [MESSAGE][PASSED] - Actual text and expected text of test object 'Object Repository/case7_Page_ProjectBackend/h5_Banana' are matched.

2018-05-10 15:58:43 - [TEST_STEP][PASSED] - verifyElementText: Actual text and expected text of test object 'Object Repository/case7_Page_ProjectBackend/h5_Orange' are matched.

2018-05-10 15:58:43 - [MESSAGE][PASSED] - Actual text and expected text of test object 'Object Repository/case7_Page_ProjectBackend/h5_Orange' are matched.

2018-05-10 15:58:43 - [TEST_STEP][PASSED] - verifyElementText: Actual text and expected text of test object 'Object Repository/case7_Page_ProjectBackend/h5_Papaya' are matched.

2018-05-10 15:58:43 - [MESSAGE][PASSED] - Actual text and expected text of test object 'Object Repository/case7_Page_ProjectBackend/h5_Papaya' are matched.

2018-05-10 15:58:43 - [TEST_STEP][PASSED] - verifyElementText: Actual text and expected text of test object 'Object Repository/case7_Page_ProjectBackend/h5_Rambutan' are matched.

2018-05-10 15:58:43 - [MESSAGE][PASSED] - Actual text and expected text of test object 'Object Repository/case7_Page_ProjectBackend/h5_Rambutan' are matched.

2018-05-10 15:58:43 - [TEST_STEP][PASSED] - closeBrowser: Browser is closed

2018-05-10 15:58:43 - [MESSAGE][PASSED] - Browser is closed]]></system-out>
         <system-err><![CDATA[]]></system-err>
      </testcase>
      <system-out><![CDATA[2018-05-10 15:57:20 - [TEST_SUITE][FAILED] - test suite7: Test Cases/case7 FAILED because (of) Verify element text of test object 'Object Repository/case7_Page_ProjectBackend/h5_Garden' FAILED. (Root cause: com.kms.katalon.core.webui.exception.WebElementNotFoundException: Web element with id: 'Object Repository/case7_Page_ProjectBackend/h5_Garden' located by 'By.xpath: //h5[(text() = 'Garden' or . = 'Garden')]' not found)]]></system-out>
      <system-err><![CDATA[2018-05-10 15:57:20 - [TEST_SUITE][FAILED] - test suite7: Test Cases/case7 FAILED because (of) Verify element text of test object 'Object Repository/case7_Page_ProjectBackend/h5_Garden' FAILED. (Root cause: com.kms.katalon.core.webui.exception.WebElementNotFoundException: Web element with id: 'Object Repository/case7_Page_ProjectBackend/h5_Garden' located by 'By.xpath: //h5[(text() = 'Garden' or . = 'Garden')]' not found)]]></system-err>
   </testsuite>
</testsuites>
