<?xml version="1.0" encoding="UTF-8"?>
<testsuites name="test suite9" time="90" tests="0" failures="2" errors="0">
   <testsuite name="test suite9" tests="0" failures="2" errors="0" time="90" timestamp="2018-05-09 23:17:22" hostname="42916 - DESKTOP-RG5AR5M" id="Test Suites/test suite9">
      <properties>
         <property name="deviceName" value=""/>
         <property name="devicePlatform" value=""/>
         <property name="logFolder" value="C:\\Users\\42916\\Desktop\\Advance Software Development\\project\\234project-backend\\katalon\\Reports\\test suite9\\20180509_231721"/>
         <property name="logFiles" value="C:\\Users\\42916\\Desktop\\Advance Software Development\\project\\234project-backend\\katalon\\Reports\\test suite9\\20180509_231721\\execution0.log"/>
         <property name="attachments" value="C:\\Users\\42916\\Desktop\\Advance Software Development\\project\\234project-backend\\katalon\\Reports\\test suite9\\20180509_231721\\1525882687823.png, C:\\Users\\42916\\Desktop\\Advance Software Development\\project\\234project-backend\\katalon\\Reports\\test suite9\\20180509_231721\\1525882688151.png, C:\\Users\\42916\\Desktop\\Advance Software Development\\project\\234project-backend\\katalon\\Reports\\test suite9\\20180509_231721\\1525882732501.png, C:\\Users\\42916\\Desktop\\Advance Software Development\\project\\234project-backend\\katalon\\Reports\\test suite9\\20180509_231721\\1525882732759.png"/>
         <property name="hostName" value="42916 - DESKTOP-RG5AR5M"/>
         <property name="os" value="Windows 10 64bit"/>
         <property name="katalonVersion" value="5.3.1.1"/>
         <property name="browser" value="Chrome 66.0.3359.139"/>
         <property name="hostAddress" value="192.168.43.29"/>
         <property name="sessionId" value="fa74a292350dcdbd1b8c4014e24f2d33"/>
         <property name="seleniumVersion" value="3.7.1"/>
         <property name="proxyInformation" value="ProxyInformation{proxyOption=NO_PROXY, proxyServerType=HTTP, password=, proxyServerAddress=, proxyServerPort=0}"/>
         <property name="platform" value="Windows 10"/>
      </properties>
      <testcase name="Test Cases/case9" classname="Test Cases/case9" status="FAILED">
         <failure type="FAILED" message="Unable to verify object 'Object Repository/Page_ProjectBackend/p_Total price  580 THB' to be clickable (Root cause: Web element with id: 'Object Repository/Page_ProjectBackend/p_Total price  580 THB' located by 'By.xpath: //p[(text() = 'Total price:  580 THB' or . = 'Total price:  580 THB')]' not found)"/>
         <system-out><![CDATA[2018-05-09 23:17:23 - [TEST_CASE][FAILED] - Test Cases/case9: Test Cases/case9 FAILED because (of) Unable to verify object 'Object Repository/Page_ProjectBackend/p_Total price  580 THB' to be clickable (Root cause: Web element with id: 'Object Repository/Page_ProjectBackend/p_Total price  580 THB' located by 'By.xpath: //p[(text() = 'Total price:  580 THB' or . = 'Total price:  580 THB')]' not found)

2018-05-09 23:17:23 - [TEST_STEP][PASSED] - openBrowser: Browser is opened with url: ''

2018-05-09 23:17:26 - [MESSAGE][PASSED] - Browser is opened with url: ''

2018-05-09 23:17:26 - [TEST_STEP][PASSED] - navigateToUrl: Navigate to 'http://34.215.218.253:9998/' successfully

2018-05-09 23:17:34 - [MESSAGE][PASSED] - Navigate to 'http://34.215.218.253:9998/' successfully

2018-05-09 23:17:34 - [TEST_STEP][PASSED] - setText: Text 'user' is set on object 'Object Repository/Page_ProjectBackend/input_username'

2018-05-09 23:17:35 - [MESSAGE][PASSED] - Text 'user' is set on object 'Object Repository/Page_ProjectBackend/input_username'

2018-05-09 23:17:35 - [TEST_STEP][PASSED] - setText: Text 'user' is set on object 'Object Repository/Page_ProjectBackend/input_password'

2018-05-09 23:17:35 - [MESSAGE][PASSED] - Text 'user' is set on object 'Object Repository/Page_ProjectBackend/input_password'

2018-05-09 23:17:35 - [TEST_STEP][PASSED] - click: Object: 'Object Repository/Page_ProjectBackend/button_Login' is clicked on

2018-05-09 23:17:35 - [MESSAGE][PASSED] - Object: 'Object Repository/Page_ProjectBackend/button_Login' is clicked on

2018-05-09 23:17:35 - [TEST_STEP][PASSED] - click: Object: 'Object Repository/Page_ProjectBackend/button_add to cart' is clicked on

2018-05-09 23:17:36 - [MESSAGE][PASSED] - Object: 'Object Repository/Page_ProjectBackend/button_add to cart' is clicked on

2018-05-09 23:17:36 - [TEST_STEP][PASSED] - click: Object: 'Object Repository/Page_ProjectBackend/button_add to cart' is clicked on

2018-05-09 23:17:37 - [MESSAGE][PASSED] - Object: 'Object Repository/Page_ProjectBackend/button_add to cart' is clicked on

2018-05-09 23:17:37 - [TEST_STEP][PASSED] - click: Object: 'Object Repository/Page_ProjectBackend/a_Carts            2' is clicked on

2018-05-09 23:17:37 - [MESSAGE][PASSED] - Object: 'Object Repository/Page_ProjectBackend/a_Carts            2' is clicked on

2018-05-09 23:17:37 - [TEST_STEP][PASSED] - setText: Text '2' is set on object 'Object Repository/Page_ProjectBackend/input_amount'

2018-05-09 23:17:37 - [MESSAGE][PASSED] - Text '2' is set on object 'Object Repository/Page_ProjectBackend/input_amount'

2018-05-09 23:17:37 - [TEST_STEP][FAILED] - verifyElementClickable: Unable to verify object 'Object Repository/Page_ProjectBackend/p_Total price  580 THB' to be clickable (Root cause: Web element with id: 'Object Repository/Page_ProjectBackend/p_Total price  580 THB' located by 'By.xpath: //p[(text() = 'Total price:  580 THB' or . = 'Total price:  580 THB')]' not found)

2018-05-09 23:18:08 - [MESSAGE][FAILED] - Web element with id: 'Object Repository/Page_ProjectBackend/p_Total price  580 THB' located by 'By.xpath: //p[(text() = 'Total price:  580 THB' or . = 'Total price:  580 THB')]' not found
[[ATTACHMENT|C:\\Users\\42916\\Desktop\\Advance Software Development\\project\\234project-backend\\katalon\\Reports\\test suite9\\20180509_231721\\1525882687823.png]]

2018-05-09 23:18:08 - [MESSAGE][FAILED] - Unable to verify object 'Object Repository/Page_ProjectBackend/p_Total price  580 THB' to be clickable (Root cause: Web element with id: 'Object Repository/Page_ProjectBackend/p_Total price  580 THB' located by 'By.xpath: //p[(text() = 'Total price:  580 THB' or . = 'Total price:  580 THB')]' not found)
[[ATTACHMENT|C:\\Users\\42916\\Desktop\\Advance Software Development\\project\\234project-backend\\katalon\\Reports\\test suite9\\20180509_231721\\1525882688151.png]]]]></system-out>
         <system-err><![CDATA[2018-05-09 23:17:23 - [TEST_CASE][FAILED] - Test Cases/case9: Test Cases/case9 FAILED because (of) Unable to verify object 'Object Repository/Page_ProjectBackend/p_Total price  580 THB' to be clickable (Root cause: Web element with id: 'Object Repository/Page_ProjectBackend/p_Total price  580 THB' located by 'By.xpath: //p[(text() = 'Total price:  580 THB' or . = 'Total price:  580 THB')]' not found)]]></system-err>
      </testcase>
      <testcase name="Test Cases/case9" classname="Test Cases/case9" status="FAILED">
         <failure type="FAILED" message="Unable to verify object 'Object Repository/Page_ProjectBackend/p_Total price  580 THB' to be clickable (Root cause: Web element with id: 'Object Repository/Page_ProjectBackend/p_Total price  580 THB' located by 'By.xpath: //p[(text() = 'Total price:  580 THB' or . = 'Total price:  580 THB')]' not found)"/>
         <system-out><![CDATA[2018-05-09 23:18:08 - [TEST_CASE][FAILED] - Test Cases/case9: Test Cases/case9 FAILED because (of) Unable to verify object 'Object Repository/Page_ProjectBackend/p_Total price  580 THB' to be clickable (Root cause: Web element with id: 'Object Repository/Page_ProjectBackend/p_Total price  580 THB' located by 'By.xpath: //p[(text() = 'Total price:  580 THB' or . = 'Total price:  580 THB')]' not found)

2018-05-09 23:18:08 - [TEST_STEP][PASSED] - openBrowser: Browser is opened with url: ''

2018-05-09 23:18:08 - [MESSAGE][WARNING] - A browser is already opened. Closing browser and opening a new one

2018-05-09 23:18:11 - [MESSAGE][PASSED] - Browser is opened with url: ''

2018-05-09 23:18:11 - [TEST_STEP][PASSED] - navigateToUrl: Navigate to 'http://34.215.218.253:9998/' successfully

2018-05-09 23:18:19 - [MESSAGE][PASSED] - Navigate to 'http://34.215.218.253:9998/' successfully

2018-05-09 23:18:19 - [TEST_STEP][PASSED] - setText: Text 'hello' is set on object 'Object Repository/Page_ProjectBackend/input_username'

2018-05-09 23:18:19 - [MESSAGE][PASSED] - Text 'hello' is set on object 'Object Repository/Page_ProjectBackend/input_username'

2018-05-09 23:18:19 - [TEST_STEP][PASSED] - setText: Text 'hello' is set on object 'Object Repository/Page_ProjectBackend/input_password'

2018-05-09 23:18:19 - [MESSAGE][PASSED] - Text 'hello' is set on object 'Object Repository/Page_ProjectBackend/input_password'

2018-05-09 23:18:19 - [TEST_STEP][PASSED] - click: Object: 'Object Repository/Page_ProjectBackend/button_Login' is clicked on

2018-05-09 23:18:20 - [MESSAGE][PASSED] - Object: 'Object Repository/Page_ProjectBackend/button_Login' is clicked on

2018-05-09 23:18:20 - [TEST_STEP][PASSED] - click: Object: 'Object Repository/Page_ProjectBackend/button_add to cart' is clicked on

2018-05-09 23:18:21 - [MESSAGE][PASSED] - Object: 'Object Repository/Page_ProjectBackend/button_add to cart' is clicked on

2018-05-09 23:18:21 - [TEST_STEP][PASSED] - click: Object: 'Object Repository/Page_ProjectBackend/button_add to cart' is clicked on

2018-05-09 23:18:21 - [MESSAGE][PASSED] - Object: 'Object Repository/Page_ProjectBackend/button_add to cart' is clicked on

2018-05-09 23:18:21 - [TEST_STEP][PASSED] - click: Object: 'Object Repository/Page_ProjectBackend/a_Carts            2' is clicked on

2018-05-09 23:18:21 - [MESSAGE][PASSED] - Object: 'Object Repository/Page_ProjectBackend/a_Carts            2' is clicked on

2018-05-09 23:18:21 - [TEST_STEP][PASSED] - setText: Text '2' is set on object 'Object Repository/Page_ProjectBackend/input_amount'

2018-05-09 23:18:21 - [MESSAGE][PASSED] - Text '2' is set on object 'Object Repository/Page_ProjectBackend/input_amount'

2018-05-09 23:18:22 - [TEST_STEP][FAILED] - verifyElementClickable: Unable to verify object 'Object Repository/Page_ProjectBackend/p_Total price  580 THB' to be clickable (Root cause: Web element with id: 'Object Repository/Page_ProjectBackend/p_Total price  580 THB' located by 'By.xpath: //p[(text() = 'Total price:  580 THB' or . = 'Total price:  580 THB')]' not found)

2018-05-09 23:18:52 - [MESSAGE][FAILED] - Web element with id: 'Object Repository/Page_ProjectBackend/p_Total price  580 THB' located by 'By.xpath: //p[(text() = 'Total price:  580 THB' or . = 'Total price:  580 THB')]' not found
[[ATTACHMENT|C:\\Users\\42916\\Desktop\\Advance Software Development\\project\\234project-backend\\katalon\\Reports\\test suite9\\20180509_231721\\1525882732501.png]]

2018-05-09 23:18:53 - [MESSAGE][FAILED] - Unable to verify object 'Object Repository/Page_ProjectBackend/p_Total price  580 THB' to be clickable (Root cause: Web element with id: 'Object Repository/Page_ProjectBackend/p_Total price  580 THB' located by 'By.xpath: //p[(text() = 'Total price:  580 THB' or . = 'Total price:  580 THB')]' not found)
[[ATTACHMENT|C:\\Users\\42916\\Desktop\\Advance Software Development\\project\\234project-backend\\katalon\\Reports\\test suite9\\20180509_231721\\1525882732759.png]]]]></system-out>
         <system-err><![CDATA[2018-05-09 23:18:08 - [TEST_CASE][FAILED] - Test Cases/case9: Test Cases/case9 FAILED because (of) Unable to verify object 'Object Repository/Page_ProjectBackend/p_Total price  580 THB' to be clickable (Root cause: Web element with id: 'Object Repository/Page_ProjectBackend/p_Total price  580 THB' located by 'By.xpath: //p[(text() = 'Total price:  580 THB' or . = 'Total price:  580 THB')]' not found)]]></system-err>
      </testcase>
      <system-out><![CDATA[2018-05-09 23:17:22 - [TEST_SUITE][FAILED] - test suite9: Test Cases/case9 FAILED because (of) Unable to verify object 'Object Repository/Page_ProjectBackend/p_Total price  580 THB' to be clickable (Root cause: Web element with id: 'Object Repository/Page_ProjectBackend/p_Total price  580 THB' located by 'By.xpath: //p[(text() = 'Total price:  580 THB' or . = 'Total price:  580 THB')]' not found)]]></system-out>
      <system-err><![CDATA[2018-05-09 23:17:22 - [TEST_SUITE][FAILED] - test suite9: Test Cases/case9 FAILED because (of) Unable to verify object 'Object Repository/Page_ProjectBackend/p_Total price  580 THB' to be clickable (Root cause: Web element with id: 'Object Repository/Page_ProjectBackend/p_Total price  580 THB' located by 'By.xpath: //p[(text() = 'Total price:  580 THB' or . = 'Total price:  580 THB')]' not found)]]></system-err>
   </testsuite>
</testsuites>
