<?xml version="1.0" encoding="UTF-8"?>
<testsuites name="test suite12" time="43" tests="0" failures="1" errors="0">
   <testsuite name="test suite12" tests="0" failures="1" errors="0" time="43" timestamp="2018-05-10 00:32:14" hostname="42916 - DESKTOP-RG5AR5M" id="Test Suites/test suite12">
      <properties>
         <property name="deviceName" value=""/>
         <property name="devicePlatform" value=""/>
         <property name="logFolder" value="C:\\Users\\42916\\Desktop\\Advance Software Development\\project\\234project-backend\\katalon\\Reports\\test suite12\\20180510_003213"/>
         <property name="logFiles" value="C:\\Users\\42916\\Desktop\\Advance Software Development\\project\\234project-backend\\katalon\\Reports\\test suite12\\20180510_003213\\execution0.log"/>
         <property name="attachments" value="C:\\Users\\42916\\Desktop\\Advance Software Development\\project\\234project-backend\\katalon\\Reports\\test suite12\\20180510_003213\\1525887176564.png, C:\\Users\\42916\\Desktop\\Advance Software Development\\project\\234project-backend\\katalon\\Reports\\test suite12\\20180510_003213\\1525887176957.png"/>
         <property name="hostName" value="42916 - DESKTOP-RG5AR5M"/>
         <property name="os" value="Windows 10 64bit"/>
         <property name="katalonVersion" value="5.3.1.1"/>
         <property name="browser" value="Chrome 66.0.3359.139"/>
         <property name="hostAddress" value="192.168.43.29"/>
         <property name="sessionId" value="cf0e103df3c735856ef2b3408590fbe0"/>
         <property name="seleniumVersion" value="3.7.1"/>
         <property name="proxyInformation" value="ProxyInformation{proxyOption=NO_PROXY, proxyServerType=HTTP, password=, proxyServerAddress=, proxyServerPort=0}"/>
         <property name="platform" value="Windows 10"/>
      </properties>
      <testcase name="Test Cases/case12" classname="Test Cases/case12" status="FAILED">
         <failure type="FAILED" message="Unable to verify object 'Object Repository/case12_Page_ProjectBackend/td_1' is visible (Root cause: Web element with id: 'Object Repository/case12_Page_ProjectBackend/td_1' located by 'By.xpath: //td[(text() = '1' or . = '1')]' not found)"/>
         <system-out><![CDATA[2018-05-10 00:32:15 - [TEST_CASE][FAILED] - Test Cases/case12: Test Cases/case12 FAILED because (of) Unable to verify object 'Object Repository/case12_Page_ProjectBackend/td_1' is visible (Root cause: Web element with id: 'Object Repository/case12_Page_ProjectBackend/td_1' located by 'By.xpath: //td[(text() = '1' or . = '1')]' not found)

2018-05-10 00:32:15 - [TEST_STEP][PASSED] - openBrowser: Browser is opened with url: ''

2018-05-10 00:32:18 - [MESSAGE][PASSED] - Browser is opened with url: ''

2018-05-10 00:32:18 - [TEST_STEP][PASSED] - navigateToUrl: Navigate to 'http://34.215.218.253:9998/' successfully

2018-05-10 00:32:25 - [MESSAGE][PASSED] - Navigate to 'http://34.215.218.253:9998/' successfully

2018-05-10 00:32:25 - [TEST_STEP][PASSED] - setText: Text 'admin' is set on object 'Object Repository/case12_Page_ProjectBackend/input_username'

2018-05-10 00:32:25 - [MESSAGE][PASSED] - Text 'admin' is set on object 'Object Repository/case12_Page_ProjectBackend/input_username'

2018-05-10 00:32:25 - [TEST_STEP][PASSED] - setText: Text 'admin' is set on object 'Object Repository/case12_Page_ProjectBackend/input_password'

2018-05-10 00:32:25 - [MESSAGE][PASSED] - Text 'admin' is set on object 'Object Repository/case12_Page_ProjectBackend/input_password'

2018-05-10 00:32:25 - [TEST_STEP][PASSED] - click: Object: 'Object Repository/case12_Page_ProjectBackend/button_Login' is clicked on

2018-05-10 00:32:26 - [MESSAGE][PASSED] - Object: 'Object Repository/case12_Page_ProjectBackend/button_Login' is clicked on

2018-05-10 00:32:26 - [TEST_STEP][FAILED] - verifyElementVisible: Unable to verify object 'Object Repository/case12_Page_ProjectBackend/td_1' is visible (Root cause: Web element with id: 'Object Repository/case12_Page_ProjectBackend/td_1' located by 'By.xpath: //td[(text() = '1' or . = '1')]' not found)

2018-05-10 00:32:56 - [MESSAGE][FAILED] - Web element with id: 'Object Repository/case12_Page_ProjectBackend/td_1' located by 'By.xpath: //td[(text() = '1' or . = '1')]' not found
[[ATTACHMENT|C:\\Users\\42916\\Desktop\\Advance Software Development\\project\\234project-backend\\katalon\\Reports\\test suite12\\20180510_003213\\1525887176564.png]]

2018-05-10 00:32:57 - [MESSAGE][FAILED] - Unable to verify object 'Object Repository/case12_Page_ProjectBackend/td_1' is visible (Root cause: Web element with id: 'Object Repository/case12_Page_ProjectBackend/td_1' located by 'By.xpath: //td[(text() = '1' or . = '1')]' not found)
[[ATTACHMENT|C:\\Users\\42916\\Desktop\\Advance Software Development\\project\\234project-backend\\katalon\\Reports\\test suite12\\20180510_003213\\1525887176957.png]]]]></system-out>
         <system-err><![CDATA[2018-05-10 00:32:15 - [TEST_CASE][FAILED] - Test Cases/case12: Test Cases/case12 FAILED because (of) Unable to verify object 'Object Repository/case12_Page_ProjectBackend/td_1' is visible (Root cause: Web element with id: 'Object Repository/case12_Page_ProjectBackend/td_1' located by 'By.xpath: //td[(text() = '1' or . = '1')]' not found)]]></system-err>
      </testcase>
      <system-out><![CDATA[2018-05-10 00:32:14 - [TEST_SUITE][FAILED] - test suite12: Test Cases/case12 FAILED because (of) Unable to verify object 'Object Repository/case12_Page_ProjectBackend/td_1' is visible (Root cause: Web element with id: 'Object Repository/case12_Page_ProjectBackend/td_1' located by 'By.xpath: //td[(text() = '1' or . = '1')]' not found)]]></system-out>
      <system-err><![CDATA[2018-05-10 00:32:14 - [TEST_SUITE][FAILED] - test suite12: Test Cases/case12 FAILED because (of) Unable to verify object 'Object Repository/case12_Page_ProjectBackend/td_1' is visible (Root cause: Web element with id: 'Object Repository/case12_Page_ProjectBackend/td_1' located by 'By.xpath: //td[(text() = '1' or . = '1')]' not found)]]></system-err>
   </testsuite>
</testsuites>
