{"devicePlatform":"","logFolder":"C:\\Users\\42916\\Desktop\\Advance Software Development\\project\\234project-backend\\katalon\\Reports\\test suite4\\20180509_184001","runData":{"hostName":"42916 - 10.80.141.151","os":"Windows 10 64bit","katalonVersion":"5.3.1.1","browser":"Chrome 66.0.3359.139","hostAddress":"10.80.141.151","sessionId":"7d63c38a9906e11216977fd4f93b41b4","seleniumVersion":"3.7.1","proxyInformation":"ProxyInformation{proxyOption\u003dNO_PROXY, proxyServerType\u003dHTTP, password\u003d, proxyServerAddress\u003d, proxyServerPort\u003d0}","platform":"Windows 10"},"type":"TEST_SUITE","name":"test suite4","id":"Test Suites/test suite4","source":"","message":"Test Cases/case4 FAILED because (of) Verify element text of test object \u0027Object Repository/case4_Page_ProjectBackend/label_Usernamepassword is inco\u0027 FAILED. (Root cause: Actual text \u0027Username/password is incorrect\u0027 and expected text \u0027\u0027 of test object \u0027Object Repository/case4_Page_ProjectBackend/label_Usernamepassword is inco\u0027 are NOT matched.)","description":"","startTime":1525866003777,"endTime":1525866015248,"childRecords":[{"isOptional":false,"type":"TEST_CASE","name":"Test Cases/case4","id":"Test Cases/case4","source":"C:\\\\Users\\\\42916\\\\Desktop\\\\Advance Software Development\\\\project\\\\234project-backend\\\\katalon\\\\Test Cases\\\\case4.tc","message":"Test Cases/case4 FAILED because (of) Verify element text of test object \u0027Object Repository/case4_Page_ProjectBackend/label_Usernamepassword is inco\u0027 FAILED. (Root cause: Actual text \u0027Username/password is incorrect\u0027 and expected text \u0027\u0027 of test object \u0027Object Repository/case4_Page_ProjectBackend/label_Usernamepassword is inco\u0027 are NOT matched.)","description":"","startTime":1525866004144,"endTime":1525866014518,"childRecords":[{"testStatus":{"stackTrace":"","statusValue":"INFO"},"type":"MESSAGE","name":"","message":"Evaluating variables for test case","startTime":1525866004167,"endTime":0,"childRecords":[],"interuppted":false},{"index":1,"isIgnoredIfFailed":false,"type":"TEST_STEP","name":"openBrowser","message":"Browser is opened with url: \u0027\u0027","description":"","startTime":1525866004447,"endTime":1525866007316,"childRecords":[{"testStatus":{"stackTrace":"","statusValue":"PASSED"},"type":"MESSAGE","name":"","message":"Browser is opened with url: \u0027\u0027","startTime":1525866007316,"endTime":0,"childRecords":[],"interuppted":false}],"interuppted":false},{"index":2,"isIgnoredIfFailed":false,"type":"TEST_STEP","name":"navigateToUrl","message":"Navigate to \u0027http://34.215.218.253:9998/\u0027 successfully","description":"","startTime":1525866007316,"endTime":1525866012350,"childRecords":[{"testStatus":{"stackTrace":"","statusValue":"PASSED"},"type":"MESSAGE","name":"","message":"Navigate to \u0027http://34.215.218.253:9998/\u0027 successfully","startTime":1525866012349,"endTime":0,"childRecords":[],"interuppted":false}],"interuppted":false},{"index":3,"isIgnoredIfFailed":false,"type":"TEST_STEP","name":"setText","message":"Text \u0027777\u0027 is set on object \u0027Object Repository/case4_Page_ProjectBackend/input_username\u0027","description":"","startTime":1525866012350,"endTime":1525866012605,"childRecords":[{"testStatus":{"stackTrace":"","statusValue":"PASSED"},"type":"MESSAGE","name":"","message":"Text \u0027777\u0027 is set on object \u0027Object Repository/case4_Page_ProjectBackend/input_username\u0027","startTime":1525866012603,"endTime":0,"childRecords":[],"interuppted":false}],"interuppted":false},{"index":4,"isIgnoredIfFailed":false,"type":"TEST_STEP","name":"setText","message":"Text \u0027777\u0027 is set on object \u0027Object Repository/case4_Page_ProjectBackend/input_password\u0027","description":"","startTime":1525866012605,"endTime":1525866012747,"childRecords":[{"testStatus":{"stackTrace":"","statusValue":"PASSED"},"type":"MESSAGE","name":"","message":"Text \u0027777\u0027 is set on object \u0027Object Repository/case4_Page_ProjectBackend/input_password\u0027","startTime":1525866012747,"endTime":0,"childRecords":[],"interuppted":false}],"interuppted":false},{"index":5,"isIgnoredIfFailed":false,"type":"TEST_STEP","name":"click","message":"Object: \u0027Object Repository/case4_Page_ProjectBackend/button_Login\u0027 is clicked on","description":"","startTime":1525866012747,"endTime":1525866012899,"childRecords":[{"testStatus":{"stackTrace":"","statusValue":"PASSED"},"type":"MESSAGE","name":"","message":"Object: \u0027Object Repository/case4_Page_ProjectBackend/button_Login\u0027 is clicked on","startTime":1525866012899,"endTime":0,"childRecords":[],"interuppted":false}],"interuppted":false},{"attachment":"1525866014265.png","index":6,"isIgnoredIfFailed":false,"type":"TEST_STEP","name":"verifyElementText","message":"Verify element text of test object \u0027Object Repository/case4_Page_ProjectBackend/label_Usernamepassword is inco\u0027 FAILED. (Root cause: Actual text \u0027Username/password is incorrect\u0027 and expected text \u0027\u0027 of test object \u0027Object Repository/case4_Page_ProjectBackend/label_Usernamepassword is inco\u0027 are NOT matched.)","description":"","startTime":1525866012903,"endTime":1525866014514,"childRecords":[{"testStatus":{"stackTrace":"","statusValue":"FAILED"},"attachment":"1525866014001.png","type":"MESSAGE","name":"","message":"Actual text \u0027Username/password is incorrect\u0027 and expected text \u0027\u0027 of test object \u0027Object Repository/case4_Page_ProjectBackend/label_Usernamepassword is inco\u0027 are NOT matched.","startTime":1525866014263,"endTime":0,"childRecords":[],"interuppted":false},{"testStatus":{"stackTrace":"","statusValue":"FAILED"},"attachment":"1525866014265.png","type":"MESSAGE","name":"","message":"Verify element text of test object \u0027Object Repository/case4_Page_ProjectBackend/label_Usernamepassword is inco\u0027 FAILED. (Root cause: Actual text \u0027Username/password is incorrect\u0027 and expected text \u0027\u0027 of test object \u0027Object Repository/case4_Page_ProjectBackend/label_Usernamepassword is inco\u0027 are NOT matched.)","startTime":1525866014513,"endTime":0,"childRecords":[],"interuppted":false}],"interuppted":false},{"testStatus":{"stackTrace":"","statusValue":"FAILED"},"type":"MESSAGE","name":"","message":"Test Cases/case4 FAILED because (of) Verify element text of test object \u0027Object Repository/case4_Page_ProjectBackend/label_Usernamepassword is inco\u0027 FAILED. (Root cause: Actual text \u0027Username/password is incorrect\u0027 and expected text \u0027\u0027 of test object \u0027Object Repository/case4_Page_ProjectBackend/label_Usernamepassword is inco\u0027 are NOT matched.)","startTime":1525866014515,"endTime":0,"childRecords":[],"interuppted":false}],"interuppted":false}],"interuppted":false}