<?xml version="1.0" encoding="UTF-8"?>
<testsuites name="test suite4" time="11" tests="0" failures="1" errors="0">
   <testsuite name="test suite4" tests="0" failures="1" errors="0" time="11" timestamp="2018-05-09 18:40:03" hostname="42916 - 10.80.141.151" id="Test Suites/test suite4">
      <properties>
         <property name="deviceName" value=""/>
         <property name="devicePlatform" value=""/>
         <property name="logFolder" value="C:\\Users\\42916\\Desktop\\Advance Software Development\\project\\234project-backend\\katalon\\Reports\\test suite4\\20180509_184001"/>
         <property name="logFiles" value="C:\\Users\\42916\\Desktop\\Advance Software Development\\project\\234project-backend\\katalon\\Reports\\test suite4\\20180509_184001\\execution0.log"/>
         <property name="attachments" value="C:\\Users\\42916\\Desktop\\Advance Software Development\\project\\234project-backend\\katalon\\Reports\\test suite4\\20180509_184001\\1525866014001.png, C:\\Users\\42916\\Desktop\\Advance Software Development\\project\\234project-backend\\katalon\\Reports\\test suite4\\20180509_184001\\1525866014265.png"/>
         <property name="hostName" value="42916 - 10.80.141.151"/>
         <property name="os" value="Windows 10 64bit"/>
         <property name="katalonVersion" value="5.3.1.1"/>
         <property name="browser" value="Chrome 66.0.3359.139"/>
         <property name="hostAddress" value="10.80.141.151"/>
         <property name="sessionId" value="7d63c38a9906e11216977fd4f93b41b4"/>
         <property name="seleniumVersion" value="3.7.1"/>
         <property name="proxyInformation" value="ProxyInformation{proxyOption=NO_PROXY, proxyServerType=HTTP, password=, proxyServerAddress=, proxyServerPort=0}"/>
         <property name="platform" value="Windows 10"/>
      </properties>
      <testcase name="Test Cases/case4" classname="Test Cases/case4" status="FAILED">
         <failure type="FAILED" message="Verify element text of test object 'Object Repository/case4_Page_ProjectBackend/label_Usernamepassword is inco' FAILED. (Root cause: Actual text 'Username/password is incorrect' and expected text '' of test object 'Object Repository/case4_Page_ProjectBackend/label_Usernamepassword is inco' are NOT matched.)"/>
         <system-out><![CDATA[2018-05-09 18:40:04 - [TEST_CASE][FAILED] - Test Cases/case4: Test Cases/case4 FAILED because (of) Verify element text of test object 'Object Repository/case4_Page_ProjectBackend/label_Usernamepassword is inco' FAILED. (Root cause: Actual text 'Username/password is incorrect' and expected text '' of test object 'Object Repository/case4_Page_ProjectBackend/label_Usernamepassword is inco' are NOT matched.)

2018-05-09 18:40:04 - [TEST_STEP][PASSED] - openBrowser: Browser is opened with url: ''

2018-05-09 18:40:07 - [MESSAGE][PASSED] - Browser is opened with url: ''

2018-05-09 18:40:07 - [TEST_STEP][PASSED] - navigateToUrl: Navigate to 'http://34.215.218.253:9998/' successfully

2018-05-09 18:40:12 - [MESSAGE][PASSED] - Navigate to 'http://34.215.218.253:9998/' successfully

2018-05-09 18:40:12 - [TEST_STEP][PASSED] - setText: Text '777' is set on object 'Object Repository/case4_Page_ProjectBackend/input_username'

2018-05-09 18:40:12 - [MESSAGE][PASSED] - Text '777' is set on object 'Object Repository/case4_Page_ProjectBackend/input_username'

2018-05-09 18:40:12 - [TEST_STEP][PASSED] - setText: Text '777' is set on object 'Object Repository/case4_Page_ProjectBackend/input_password'

2018-05-09 18:40:12 - [MESSAGE][PASSED] - Text '777' is set on object 'Object Repository/case4_Page_ProjectBackend/input_password'

2018-05-09 18:40:12 - [TEST_STEP][PASSED] - click: Object: 'Object Repository/case4_Page_ProjectBackend/button_Login' is clicked on

2018-05-09 18:40:12 - [MESSAGE][PASSED] - Object: 'Object Repository/case4_Page_ProjectBackend/button_Login' is clicked on

2018-05-09 18:40:12 - [TEST_STEP][FAILED] - verifyElementText: Verify element text of test object 'Object Repository/case4_Page_ProjectBackend/label_Usernamepassword is inco' FAILED. (Root cause: Actual text 'Username/password is incorrect' and expected text '' of test object 'Object Repository/case4_Page_ProjectBackend/label_Usernamepassword is inco' are NOT matched.)

2018-05-09 18:40:14 - [MESSAGE][FAILED] - Actual text 'Username/password is incorrect' and expected text '' of test object 'Object Repository/case4_Page_ProjectBackend/label_Usernamepassword is inco' are NOT matched.
[[ATTACHMENT|C:\\Users\\42916\\Desktop\\Advance Software Development\\project\\234project-backend\\katalon\\Reports\\test suite4\\20180509_184001\\1525866014001.png]]

2018-05-09 18:40:14 - [MESSAGE][FAILED] - Verify element text of test object 'Object Repository/case4_Page_ProjectBackend/label_Usernamepassword is inco' FAILED. (Root cause: Actual text 'Username/password is incorrect' and expected text '' of test object 'Object Repository/case4_Page_ProjectBackend/label_Usernamepassword is inco' are NOT matched.)
[[ATTACHMENT|C:\\Users\\42916\\Desktop\\Advance Software Development\\project\\234project-backend\\katalon\\Reports\\test suite4\\20180509_184001\\1525866014265.png]]]]></system-out>
         <system-err><![CDATA[2018-05-09 18:40:04 - [TEST_CASE][FAILED] - Test Cases/case4: Test Cases/case4 FAILED because (of) Verify element text of test object 'Object Repository/case4_Page_ProjectBackend/label_Usernamepassword is inco' FAILED. (Root cause: Actual text 'Username/password is incorrect' and expected text '' of test object 'Object Repository/case4_Page_ProjectBackend/label_Usernamepassword is inco' are NOT matched.)]]></system-err>
      </testcase>
      <system-out><![CDATA[2018-05-09 18:40:03 - [TEST_SUITE][FAILED] - test suite4: Test Cases/case4 FAILED because (of) Verify element text of test object 'Object Repository/case4_Page_ProjectBackend/label_Usernamepassword is inco' FAILED. (Root cause: Actual text 'Username/password is incorrect' and expected text '' of test object 'Object Repository/case4_Page_ProjectBackend/label_Usernamepassword is inco' are NOT matched.)]]></system-out>
      <system-err><![CDATA[2018-05-09 18:40:03 - [TEST_SUITE][FAILED] - test suite4: Test Cases/case4 FAILED because (of) Verify element text of test object 'Object Repository/case4_Page_ProjectBackend/label_Usernamepassword is inco' FAILED. (Root cause: Actual text 'Username/password is incorrect' and expected text '' of test object 'Object Repository/case4_Page_ProjectBackend/label_Usernamepassword is inco' are NOT matched.)]]></system-err>
   </testsuite>
</testsuites>
