<?xml version="1.0" encoding="UTF-8"?>
<testsuites name="test suite10" time="31" tests="0" failures="2" errors="0">
   <testsuite name="test suite10" tests="0" failures="2" errors="0" time="31" timestamp="2018-05-09 23:45:52" hostname="42916 - DESKTOP-RG5AR5M" id="Test Suites/test suite10">
      <properties>
         <property name="deviceName" value=""/>
         <property name="devicePlatform" value=""/>
         <property name="logFolder" value="C:\\Users\\42916\\Desktop\\Advance Software Development\\project\\234project-backend\\katalon\\Reports\\test suite10\\20180509_234551"/>
         <property name="logFiles" value="C:\\Users\\42916\\Desktop\\Advance Software Development\\project\\234project-backend\\katalon\\Reports\\test suite10\\20180509_234551\\execution0.log"/>
         <property name="attachments" value=""/>
         <property name="hostName" value="42916 - DESKTOP-RG5AR5M"/>
         <property name="os" value="Windows 10 64bit"/>
         <property name="katalonVersion" value="5.3.1.1"/>
         <property name="browser" value="Chrome 66.0.3359.139"/>
         <property name="hostAddress" value="192.168.43.29"/>
         <property name="sessionId" value="ca54dc5394a2f3db7a4dd2fdd98bc4d2"/>
         <property name="seleniumVersion" value="3.7.1"/>
         <property name="proxyInformation" value="ProxyInformation{proxyOption=NO_PROXY, proxyServerType=HTTP, password=, proxyServerAddress=, proxyServerPort=0}"/>
         <property name="platform" value="Windows 10"/>
      </properties>
      <testcase name="Test Cases/case10" classname="Test Cases/case10" status="FAILED">
         <failure type="FAILED" message="Verify element text of test object 'Object Repository/case10_Page_ProjectBackend/div_Well done You successfully' FAILED. (Root cause: org.openqa.selenium.UnhandledAlertException: unexpected alert open: {Alert text : Are you going to add the order values 20,000 THB}
  (Session info: chrome=66.0.3359.139)
  (Driver info: chromedriver=2.35.528161 (5b82f2d2aae0ca24b877009200ced9065a772e73),platform=Windows NT 10.0.16299 x86_64) (WARNING: The server did not provide any stacktrace information)
Command duration or timeout: 0 milliseconds: null
Build info: version: '3.7.1', revision: '8a0099a', time: '2017-11-06T21:07:36.161Z'
System info: host: 'DESKTOP-RG5AR5M', ip: '192.168.43.29', os.name: 'Windows 10', os.arch: 'amd64', os.version: '10.0', java.version: '1.8.0_102'
Driver info: com.kms.katalon.selenium.driver.CChromeDriver
Capabilities {acceptInsecureCerts: false, acceptSslCerts: false, applicationCacheEnabled: false, browserConnectionEnabled: false, browserName: chrome, chrome: {chromedriverVersion: 2.35.528161 (5b82f2d2aae0ca..., userDataDir: C:\Users\42916\AppData\Loca...}, cssSelectorsEnabled: true, databaseEnabled: false, handlesAlerts: true, hasTouchScreen: false, javascriptEnabled: true, locationContextEnabled: true, mobileEmulationEnabled: false, nativeEvents: true, networkConnectionEnabled: false, pageLoadStrategy: normal, platform: XP, platformName: XP, rotatable: false, setWindowRect: true, takesHeapSnapshot: true, takesScreenshot: true, unexpectedAlertBehaviour: , unhandledPromptBehavior: , version: 66.0.3359.139, webStorageEnabled: true}
Session ID: 64c1dfd6b44765b22146ed9ed420953d
*** Element info: {Using=xpath, value=//div[(text() = '
      Well done! You successfully added the transaction.
    ' or . = '
      Well done! You successfully added the transaction.
    ')]})"/>
         <system-out><![CDATA[2018-05-09 23:45:53 - [TEST_CASE][FAILED] - Test Cases/case10: Test Cases/case10 FAILED because (of) Verify element text of test object 'Object Repository/case10_Page_ProjectBackend/div_Well done You successfully' FAILED. (Root cause: org.openqa.selenium.UnhandledAlertException: unexpected alert open: {Alert text : Are you going to add the order values 20,000 THB}
  (Session info: chrome=66.0.3359.139)
  (Driver info: chromedriver=2.35.528161 (5b82f2d2aae0ca24b877009200ced9065a772e73),platform=Windows NT 10.0.16299 x86_64) (WARNING: The server did not provide any stacktrace information)
Command duration or timeout: 0 milliseconds: null
Build info: version: '3.7.1', revision: '8a0099a', time: '2017-11-06T21:07:36.161Z'
System info: host: 'DESKTOP-RG5AR5M', ip: '192.168.43.29', os.name: 'Windows 10', os.arch: 'amd64', os.version: '10.0', java.version: '1.8.0_102'
Driver info: com.kms.katalon.selenium.driver.CChromeDriver
Capabilities {acceptInsecureCerts: false, acceptSslCerts: false, applicationCacheEnabled: false, browserConnectionEnabled: false, browserName: chrome, chrome: {chromedriverVersion: 2.35.528161 (5b82f2d2aae0ca..., userDataDir: C:\Users\42916\AppData\Loca...}, cssSelectorsEnabled: true, databaseEnabled: false, handlesAlerts: true, hasTouchScreen: false, javascriptEnabled: true, locationContextEnabled: true, mobileEmulationEnabled: false, nativeEvents: true, networkConnectionEnabled: false, pageLoadStrategy: normal, platform: XP, platformName: XP, rotatable: false, setWindowRect: true, takesHeapSnapshot: true, takesScreenshot: true, unexpectedAlertBehaviour: , unhandledPromptBehavior: , version: 66.0.3359.139, webStorageEnabled: true}
Session ID: 64c1dfd6b44765b22146ed9ed420953d
*** Element info: {Using=xpath, value=//div[(text() = '
      Well done! You successfully added the transaction.
    ' or . = '
      Well done! You successfully added the transaction.
    ')]})

2018-05-09 23:45:53 - [TEST_STEP][PASSED] - openBrowser: Browser is opened with url: ''

2018-05-09 23:45:56 - [MESSAGE][PASSED] - Browser is opened with url: ''

2018-05-09 23:45:56 - [TEST_STEP][PASSED] - navigateToUrl: Navigate to 'http://34.215.218.253:9998/' successfully

2018-05-09 23:46:08 - [MESSAGE][PASSED] - Navigate to 'http://34.215.218.253:9998/' successfully

2018-05-09 23:46:08 - [TEST_STEP][PASSED] - setText: Text 'user' is set on object 'Object Repository/case10_Page_ProjectBackend/input_username'

2018-05-09 23:46:08 - [MESSAGE][PASSED] - Text 'user' is set on object 'Object Repository/case10_Page_ProjectBackend/input_username'

2018-05-09 23:46:08 - [TEST_STEP][PASSED] - setText: Text 'user' is set on object 'Object Repository/case10_Page_ProjectBackend/input_password'

2018-05-09 23:46:08 - [MESSAGE][PASSED] - Text 'user' is set on object 'Object Repository/case10_Page_ProjectBackend/input_password'

2018-05-09 23:46:08 - [TEST_STEP][PASSED] - click: Object: 'Object Repository/case10_Page_ProjectBackend/button_Login' is clicked on

2018-05-09 23:46:08 - [MESSAGE][PASSED] - Object: 'Object Repository/case10_Page_ProjectBackend/button_Login' is clicked on

2018-05-09 23:46:08 - [TEST_STEP][PASSED] - click: Object: 'Object Repository/case10_Page_ProjectBackend/button_add to cart' is clicked on

2018-05-09 23:46:10 - [MESSAGE][PASSED] - Object: 'Object Repository/case10_Page_ProjectBackend/button_add to cart' is clicked on

2018-05-09 23:46:10 - [TEST_STEP][PASSED] - click: Object: 'Object Repository/case10_Page_ProjectBackend/a_Carts            1' is clicked on

2018-05-09 23:46:10 - [MESSAGE][PASSED] - Object: 'Object Repository/case10_Page_ProjectBackend/a_Carts            1' is clicked on

2018-05-09 23:46:10 - [TEST_STEP][PASSED] - click: Object: 'Object Repository/case10_Page_ProjectBackend/button_confirm' is clicked on

2018-05-09 23:46:10 - [MESSAGE][PASSED] - Object: 'Object Repository/case10_Page_ProjectBackend/button_confirm' is clicked on

2018-05-09 23:46:10 - [TEST_STEP][FAILED] - verifyElementText: Verify element text of test object 'Object Repository/case10_Page_ProjectBackend/div_Well done You successfully' FAILED. (Root cause: org.openqa.selenium.UnhandledAlertException: unexpected alert open: {Alert text : Are you going to add the order values 20,000 THB}
  (Session info: chrome=66.0.3359.139)
  (Driver info: chromedriver=2.35.528161 (5b82f2d2aae0ca24b877009200ced9065a772e73),platform=Windows NT 10.0.16299 x86_64) (WARNING: The server did not provide any stacktrace information)
Command duration or timeout: 0 milliseconds: null
Build info: version: '3.7.1', revision: '8a0099a', time: '2017-11-06T21:07:36.161Z'
System info: host: 'DESKTOP-RG5AR5M', ip: '192.168.43.29', os.name: 'Windows 10', os.arch: 'amd64', os.version: '10.0', java.version: '1.8.0_102'
Driver info: com.kms.katalon.selenium.driver.CChromeDriver
Capabilities {acceptInsecureCerts: false, acceptSslCerts: false, applicationCacheEnabled: false, browserConnectionEnabled: false, browserName: chrome, chrome: {chromedriverVersion: 2.35.528161 (5b82f2d2aae0ca..., userDataDir: C:\Users\42916\AppData\Loca...}, cssSelectorsEnabled: true, databaseEnabled: false, handlesAlerts: true, hasTouchScreen: false, javascriptEnabled: true, locationContextEnabled: true, mobileEmulationEnabled: false, nativeEvents: true, networkConnectionEnabled: false, pageLoadStrategy: normal, platform: XP, platformName: XP, rotatable: false, setWindowRect: true, takesHeapSnapshot: true, takesScreenshot: true, unexpectedAlertBehaviour: , unhandledPromptBehavior: , version: 66.0.3359.139, webStorageEnabled: true}
Session ID: 64c1dfd6b44765b22146ed9ed420953d
*** Element info: {Using=xpath, value=//div[(text() = '
      Well done! You successfully added the transaction.
    ' or . = '
      Well done! You successfully added the transaction.
    ')]})

2018-05-09 23:46:10 - [MESSAGE][WARNING] - Cannot take screenshot

2018-05-09 23:46:10 - [MESSAGE][FAILED] - Verify element text of test object 'Object Repository/case10_Page_ProjectBackend/div_Well done You successfully' FAILED. (Root cause: org.openqa.selenium.UnhandledAlertException: unexpected alert open: {Alert text : Are you going to add the order values 20,000 THB}
  (Session info: chrome=66.0.3359.139)
  (Driver info: chromedriver=2.35.528161 (5b82f2d2aae0ca24b877009200ced9065a772e73),platform=Windows NT 10.0.16299 x86_64) (WARNING: The server did not provide any stacktrace information)
Command duration or timeout: 0 milliseconds: null
Build info: version: '3.7.1', revision: '8a0099a', time: '2017-11-06T21:07:36.161Z'
System info: host: 'DESKTOP-RG5AR5M', ip: '192.168.43.29', os.name: 'Windows 10', os.arch: 'amd64', os.version: '10.0', java.version: '1.8.0_102'
Driver info: com.kms.katalon.selenium.driver.CChromeDriver
Capabilities {acceptInsecureCerts: false, acceptSslCerts: false, applicationCacheEnabled: false, browserConnectionEnabled: false, browserName: chrome, chrome: {chromedriverVersion: 2.35.528161 (5b82f2d2aae0ca..., userDataDir: C:\Users\42916\AppData\Loca...}, cssSelectorsEnabled: true, databaseEnabled: false, handlesAlerts: true, hasTouchScreen: false, javascriptEnabled: true, locationContextEnabled: true, mobileEmulationEnabled: false, nativeEvents: true, networkConnectionEnabled: false, pageLoadStrategy: normal, platform: XP, platformName: XP, rotatable: false, setWindowRect: true, takesHeapSnapshot: true, takesScreenshot: true, unexpectedAlertBehaviour: , unhandledPromptBehavior: , version: 66.0.3359.139, webStorageEnabled: true}
Session ID: 64c1dfd6b44765b22146ed9ed420953d
*** Element info: {Using=xpath, value=//div[(text() = '
      Well done! You successfully added the transaction.
    ' or . = '
      Well done! You successfully added the transaction.
    ')]})]]></system-out>
         <system-err><![CDATA[2018-05-09 23:45:53 - [TEST_CASE][FAILED] - Test Cases/case10: Test Cases/case10 FAILED because (of) Verify element text of test object 'Object Repository/case10_Page_ProjectBackend/div_Well done You successfully' FAILED. (Root cause: org.openqa.selenium.UnhandledAlertException: unexpected alert open: {Alert text : Are you going to add the order values 20,000 THB}
  (Session info: chrome=66.0.3359.139)
  (Driver info: chromedriver=2.35.528161 (5b82f2d2aae0ca24b877009200ced9065a772e73),platform=Windows NT 10.0.16299 x86_64) (WARNING: The server did not provide any stacktrace information)
Command duration or timeout: 0 milliseconds: null
Build info: version: '3.7.1', revision: '8a0099a', time: '2017-11-06T21:07:36.161Z'
System info: host: 'DESKTOP-RG5AR5M', ip: '192.168.43.29', os.name: 'Windows 10', os.arch: 'amd64', os.version: '10.0', java.version: '1.8.0_102'
Driver info: com.kms.katalon.selenium.driver.CChromeDriver
Capabilities {acceptInsecureCerts: false, acceptSslCerts: false, applicationCacheEnabled: false, browserConnectionEnabled: false, browserName: chrome, chrome: {chromedriverVersion: 2.35.528161 (5b82f2d2aae0ca..., userDataDir: C:\Users\42916\AppData\Loca...}, cssSelectorsEnabled: true, databaseEnabled: false, handlesAlerts: true, hasTouchScreen: false, javascriptEnabled: true, locationContextEnabled: true, mobileEmulationEnabled: false, nativeEvents: true, networkConnectionEnabled: false, pageLoadStrategy: normal, platform: XP, platformName: XP, rotatable: false, setWindowRect: true, takesHeapSnapshot: true, takesScreenshot: true, unexpectedAlertBehaviour: , unhandledPromptBehavior: , version: 66.0.3359.139, webStorageEnabled: true}
Session ID: 64c1dfd6b44765b22146ed9ed420953d
*** Element info: {Using=xpath, value=//div[(text() = '
      Well done! You successfully added the transaction.
    ' or . = '
      Well done! You successfully added the transaction.
    ')]})]]></system-err>
      </testcase>
      <testcase name="Test Cases/case10" classname="Test Cases/case10" status="FAILED">
         <failure type="FAILED" message="Verify element text of test object 'Object Repository/case10_Page_ProjectBackend/div_Well done You successfully' FAILED. (Root cause: org.openqa.selenium.UnhandledAlertException: unexpected alert open: {Alert text : Are you going to add the order values 20,000 THB}
  (Session info: chrome=66.0.3359.139)
  (Driver info: chromedriver=2.35.528161 (5b82f2d2aae0ca24b877009200ced9065a772e73),platform=Windows NT 10.0.16299 x86_64) (WARNING: The server did not provide any stacktrace information)
Command duration or timeout: 0 milliseconds: null
Build info: version: '3.7.1', revision: '8a0099a', time: '2017-11-06T21:07:36.161Z'
System info: host: 'DESKTOP-RG5AR5M', ip: '192.168.43.29', os.name: 'Windows 10', os.arch: 'amd64', os.version: '10.0', java.version: '1.8.0_102'
Driver info: com.kms.katalon.selenium.driver.CChromeDriver
Capabilities {acceptInsecureCerts: false, acceptSslCerts: false, applicationCacheEnabled: false, browserConnectionEnabled: false, browserName: chrome, chrome: {chromedriverVersion: 2.35.528161 (5b82f2d2aae0ca..., userDataDir: C:\Users\42916\AppData\Loca...}, cssSelectorsEnabled: true, databaseEnabled: false, handlesAlerts: true, hasTouchScreen: false, javascriptEnabled: true, locationContextEnabled: true, mobileEmulationEnabled: false, nativeEvents: true, networkConnectionEnabled: false, pageLoadStrategy: normal, platform: XP, platformName: XP, rotatable: false, setWindowRect: true, takesHeapSnapshot: true, takesScreenshot: true, unexpectedAlertBehaviour: , unhandledPromptBehavior: , version: 66.0.3359.139, webStorageEnabled: true}
Session ID: ca54dc5394a2f3db7a4dd2fdd98bc4d2
*** Element info: {Using=xpath, value=//div[(text() = '
      Well done! You successfully added the transaction.
    ' or . = '
      Well done! You successfully added the transaction.
    ')]})"/>
         <system-out><![CDATA[2018-05-09 23:46:10 - [TEST_CASE][FAILED] - Test Cases/case10: Test Cases/case10 FAILED because (of) Verify element text of test object 'Object Repository/case10_Page_ProjectBackend/div_Well done You successfully' FAILED. (Root cause: org.openqa.selenium.UnhandledAlertException: unexpected alert open: {Alert text : Are you going to add the order values 20,000 THB}
  (Session info: chrome=66.0.3359.139)
  (Driver info: chromedriver=2.35.528161 (5b82f2d2aae0ca24b877009200ced9065a772e73),platform=Windows NT 10.0.16299 x86_64) (WARNING: The server did not provide any stacktrace information)
Command duration or timeout: 0 milliseconds: null
Build info: version: '3.7.1', revision: '8a0099a', time: '2017-11-06T21:07:36.161Z'
System info: host: 'DESKTOP-RG5AR5M', ip: '192.168.43.29', os.name: 'Windows 10', os.arch: 'amd64', os.version: '10.0', java.version: '1.8.0_102'
Driver info: com.kms.katalon.selenium.driver.CChromeDriver
Capabilities {acceptInsecureCerts: false, acceptSslCerts: false, applicationCacheEnabled: false, browserConnectionEnabled: false, browserName: chrome, chrome: {chromedriverVersion: 2.35.528161 (5b82f2d2aae0ca..., userDataDir: C:\Users\42916\AppData\Loca...}, cssSelectorsEnabled: true, databaseEnabled: false, handlesAlerts: true, hasTouchScreen: false, javascriptEnabled: true, locationContextEnabled: true, mobileEmulationEnabled: false, nativeEvents: true, networkConnectionEnabled: false, pageLoadStrategy: normal, platform: XP, platformName: XP, rotatable: false, setWindowRect: true, takesHeapSnapshot: true, takesScreenshot: true, unexpectedAlertBehaviour: , unhandledPromptBehavior: , version: 66.0.3359.139, webStorageEnabled: true}
Session ID: ca54dc5394a2f3db7a4dd2fdd98bc4d2
*** Element info: {Using=xpath, value=//div[(text() = '
      Well done! You successfully added the transaction.
    ' or . = '
      Well done! You successfully added the transaction.
    ')]})

2018-05-09 23:46:10 - [TEST_STEP][PASSED] - openBrowser: Browser is opened with url: ''

2018-05-09 23:46:10 - [MESSAGE][WARNING] - A browser is already opened. Closing browser and opening a new one

2018-05-09 23:46:13 - [MESSAGE][PASSED] - Browser is opened with url: ''

2018-05-09 23:46:13 - [TEST_STEP][PASSED] - navigateToUrl: Navigate to 'http://34.215.218.253:9998/' successfully

2018-05-09 23:46:21 - [MESSAGE][PASSED] - Navigate to 'http://34.215.218.253:9998/' successfully

2018-05-09 23:46:21 - [TEST_STEP][PASSED] - setText: Text 'user' is set on object 'Object Repository/case10_Page_ProjectBackend/input_username'

2018-05-09 23:46:21 - [MESSAGE][PASSED] - Text 'user' is set on object 'Object Repository/case10_Page_ProjectBackend/input_username'

2018-05-09 23:46:21 - [TEST_STEP][PASSED] - setText: Text 'user' is set on object 'Object Repository/case10_Page_ProjectBackend/input_password'

2018-05-09 23:46:21 - [MESSAGE][PASSED] - Text 'user' is set on object 'Object Repository/case10_Page_ProjectBackend/input_password'

2018-05-09 23:46:21 - [TEST_STEP][PASSED] - click: Object: 'Object Repository/case10_Page_ProjectBackend/button_Login' is clicked on

2018-05-09 23:46:21 - [MESSAGE][PASSED] - Object: 'Object Repository/case10_Page_ProjectBackend/button_Login' is clicked on

2018-05-09 23:46:21 - [TEST_STEP][PASSED] - click: Object: 'Object Repository/case10_Page_ProjectBackend/button_add to cart' is clicked on

2018-05-09 23:46:23 - [MESSAGE][PASSED] - Object: 'Object Repository/case10_Page_ProjectBackend/button_add to cart' is clicked on

2018-05-09 23:46:23 - [TEST_STEP][PASSED] - click: Object: 'Object Repository/case10_Page_ProjectBackend/a_Carts            1' is clicked on

2018-05-09 23:46:23 - [MESSAGE][PASSED] - Object: 'Object Repository/case10_Page_ProjectBackend/a_Carts            1' is clicked on

2018-05-09 23:46:23 - [TEST_STEP][PASSED] - click: Object: 'Object Repository/case10_Page_ProjectBackend/button_confirm' is clicked on

2018-05-09 23:46:23 - [MESSAGE][PASSED] - Object: 'Object Repository/case10_Page_ProjectBackend/button_confirm' is clicked on

2018-05-09 23:46:23 - [TEST_STEP][FAILED] - verifyElementText: Verify element text of test object 'Object Repository/case10_Page_ProjectBackend/div_Well done You successfully' FAILED. (Root cause: org.openqa.selenium.UnhandledAlertException: unexpected alert open: {Alert text : Are you going to add the order values 20,000 THB}
  (Session info: chrome=66.0.3359.139)
  (Driver info: chromedriver=2.35.528161 (5b82f2d2aae0ca24b877009200ced9065a772e73),platform=Windows NT 10.0.16299 x86_64) (WARNING: The server did not provide any stacktrace information)
Command duration or timeout: 0 milliseconds: null
Build info: version: '3.7.1', revision: '8a0099a', time: '2017-11-06T21:07:36.161Z'
System info: host: 'DESKTOP-RG5AR5M', ip: '192.168.43.29', os.name: 'Windows 10', os.arch: 'amd64', os.version: '10.0', java.version: '1.8.0_102'
Driver info: com.kms.katalon.selenium.driver.CChromeDriver
Capabilities {acceptInsecureCerts: false, acceptSslCerts: false, applicationCacheEnabled: false, browserConnectionEnabled: false, browserName: chrome, chrome: {chromedriverVersion: 2.35.528161 (5b82f2d2aae0ca..., userDataDir: C:\Users\42916\AppData\Loca...}, cssSelectorsEnabled: true, databaseEnabled: false, handlesAlerts: true, hasTouchScreen: false, javascriptEnabled: true, locationContextEnabled: true, mobileEmulationEnabled: false, nativeEvents: true, networkConnectionEnabled: false, pageLoadStrategy: normal, platform: XP, platformName: XP, rotatable: false, setWindowRect: true, takesHeapSnapshot: true, takesScreenshot: true, unexpectedAlertBehaviour: , unhandledPromptBehavior: , version: 66.0.3359.139, webStorageEnabled: true}
Session ID: ca54dc5394a2f3db7a4dd2fdd98bc4d2
*** Element info: {Using=xpath, value=//div[(text() = '
      Well done! You successfully added the transaction.
    ' or . = '
      Well done! You successfully added the transaction.
    ')]})

2018-05-09 23:46:23 - [MESSAGE][WARNING] - Cannot take screenshot

2018-05-09 23:46:23 - [MESSAGE][FAILED] - Verify element text of test object 'Object Repository/case10_Page_ProjectBackend/div_Well done You successfully' FAILED. (Root cause: org.openqa.selenium.UnhandledAlertException: unexpected alert open: {Alert text : Are you going to add the order values 20,000 THB}
  (Session info: chrome=66.0.3359.139)
  (Driver info: chromedriver=2.35.528161 (5b82f2d2aae0ca24b877009200ced9065a772e73),platform=Windows NT 10.0.16299 x86_64) (WARNING: The server did not provide any stacktrace information)
Command duration or timeout: 0 milliseconds: null
Build info: version: '3.7.1', revision: '8a0099a', time: '2017-11-06T21:07:36.161Z'
System info: host: 'DESKTOP-RG5AR5M', ip: '192.168.43.29', os.name: 'Windows 10', os.arch: 'amd64', os.version: '10.0', java.version: '1.8.0_102'
Driver info: com.kms.katalon.selenium.driver.CChromeDriver
Capabilities {acceptInsecureCerts: false, acceptSslCerts: false, applicationCacheEnabled: false, browserConnectionEnabled: false, browserName: chrome, chrome: {chromedriverVersion: 2.35.528161 (5b82f2d2aae0ca..., userDataDir: C:\Users\42916\AppData\Loca...}, cssSelectorsEnabled: true, databaseEnabled: false, handlesAlerts: true, hasTouchScreen: false, javascriptEnabled: true, locationContextEnabled: true, mobileEmulationEnabled: false, nativeEvents: true, networkConnectionEnabled: false, pageLoadStrategy: normal, platform: XP, platformName: XP, rotatable: false, setWindowRect: true, takesHeapSnapshot: true, takesScreenshot: true, unexpectedAlertBehaviour: , unhandledPromptBehavior: , version: 66.0.3359.139, webStorageEnabled: true}
Session ID: ca54dc5394a2f3db7a4dd2fdd98bc4d2
*** Element info: {Using=xpath, value=//div[(text() = '
      Well done! You successfully added the transaction.
    ' or . = '
      Well done! You successfully added the transaction.
    ')]})]]></system-out>
         <system-err><![CDATA[2018-05-09 23:46:10 - [TEST_CASE][FAILED] - Test Cases/case10: Test Cases/case10 FAILED because (of) Verify element text of test object 'Object Repository/case10_Page_ProjectBackend/div_Well done You successfully' FAILED. (Root cause: org.openqa.selenium.UnhandledAlertException: unexpected alert open: {Alert text : Are you going to add the order values 20,000 THB}
  (Session info: chrome=66.0.3359.139)
  (Driver info: chromedriver=2.35.528161 (5b82f2d2aae0ca24b877009200ced9065a772e73),platform=Windows NT 10.0.16299 x86_64) (WARNING: The server did not provide any stacktrace information)
Command duration or timeout: 0 milliseconds: null
Build info: version: '3.7.1', revision: '8a0099a', time: '2017-11-06T21:07:36.161Z'
System info: host: 'DESKTOP-RG5AR5M', ip: '192.168.43.29', os.name: 'Windows 10', os.arch: 'amd64', os.version: '10.0', java.version: '1.8.0_102'
Driver info: com.kms.katalon.selenium.driver.CChromeDriver
Capabilities {acceptInsecureCerts: false, acceptSslCerts: false, applicationCacheEnabled: false, browserConnectionEnabled: false, browserName: chrome, chrome: {chromedriverVersion: 2.35.528161 (5b82f2d2aae0ca..., userDataDir: C:\Users\42916\AppData\Loca...}, cssSelectorsEnabled: true, databaseEnabled: false, handlesAlerts: true, hasTouchScreen: false, javascriptEnabled: true, locationContextEnabled: true, mobileEmulationEnabled: false, nativeEvents: true, networkConnectionEnabled: false, pageLoadStrategy: normal, platform: XP, platformName: XP, rotatable: false, setWindowRect: true, takesHeapSnapshot: true, takesScreenshot: true, unexpectedAlertBehaviour: , unhandledPromptBehavior: , version: 66.0.3359.139, webStorageEnabled: true}
Session ID: ca54dc5394a2f3db7a4dd2fdd98bc4d2
*** Element info: {Using=xpath, value=//div[(text() = '
      Well done! You successfully added the transaction.
    ' or . = '
      Well done! You successfully added the transaction.
    ')]})]]></system-err>
      </testcase>
      <system-out><![CDATA[2018-05-09 23:45:52 - [TEST_SUITE][FAILED] - test suite10: Test Cases/case10 FAILED because (of) Verify element text of test object 'Object Repository/case10_Page_ProjectBackend/div_Well done You successfully' FAILED. (Root cause: org.openqa.selenium.UnhandledAlertException: unexpected alert open: {Alert text : Are you going to add the order values 20,000 THB}
  (Session info: chrome=66.0.3359.139)
  (Driver info: chromedriver=2.35.528161 (5b82f2d2aae0ca24b877009200ced9065a772e73),platform=Windows NT 10.0.16299 x86_64) (WARNING: The server did not provide any stacktrace information)
Command duration or timeout: 0 milliseconds: null
Build info: version: '3.7.1', revision: '8a0099a', time: '2017-11-06T21:07:36.161Z'
System info: host: 'DESKTOP-RG5AR5M', ip: '192.168.43.29', os.name: 'Windows 10', os.arch: 'amd64', os.version: '10.0', java.version: '1.8.0_102'
Driver info: com.kms.katalon.selenium.driver.CChromeDriver
Capabilities {acceptInsecureCerts: false, acceptSslCerts: false, applicationCacheEnabled: false, browserConnectionEnabled: false, browserName: chrome, chrome: {chromedriverVersion: 2.35.528161 (5b82f2d2aae0ca..., userDataDir: C:\Users\42916\AppData\Loca...}, cssSelectorsEnabled: true, databaseEnabled: false, handlesAlerts: true, hasTouchScreen: false, javascriptEnabled: true, locationContextEnabled: true, mobileEmulationEnabled: false, nativeEvents: true, networkConnectionEnabled: false, pageLoadStrategy: normal, platform: XP, platformName: XP, rotatable: false, setWindowRect: true, takesHeapSnapshot: true, takesScreenshot: true, unexpectedAlertBehaviour: , unhandledPromptBehavior: , version: 66.0.3359.139, webStorageEnabled: true}
Session ID: 64c1dfd6b44765b22146ed9ed420953d
*** Element info: {Using=xpath, value=//div[(text() = '
      Well done! You successfully added the transaction.
    ' or . = '
      Well done! You successfully added the transaction.
    ')]})]]></system-out>
      <system-err><![CDATA[2018-05-09 23:45:52 - [TEST_SUITE][FAILED] - test suite10: Test Cases/case10 FAILED because (of) Verify element text of test object 'Object Repository/case10_Page_ProjectBackend/div_Well done You successfully' FAILED. (Root cause: org.openqa.selenium.UnhandledAlertException: unexpected alert open: {Alert text : Are you going to add the order values 20,000 THB}
  (Session info: chrome=66.0.3359.139)
  (Driver info: chromedriver=2.35.528161 (5b82f2d2aae0ca24b877009200ced9065a772e73),platform=Windows NT 10.0.16299 x86_64) (WARNING: The server did not provide any stacktrace information)
Command duration or timeout: 0 milliseconds: null
Build info: version: '3.7.1', revision: '8a0099a', time: '2017-11-06T21:07:36.161Z'
System info: host: 'DESKTOP-RG5AR5M', ip: '192.168.43.29', os.name: 'Windows 10', os.arch: 'amd64', os.version: '10.0', java.version: '1.8.0_102'
Driver info: com.kms.katalon.selenium.driver.CChromeDriver
Capabilities {acceptInsecureCerts: false, acceptSslCerts: false, applicationCacheEnabled: false, browserConnectionEnabled: false, browserName: chrome, chrome: {chromedriverVersion: 2.35.528161 (5b82f2d2aae0ca..., userDataDir: C:\Users\42916\AppData\Loca...}, cssSelectorsEnabled: true, databaseEnabled: false, handlesAlerts: true, hasTouchScreen: false, javascriptEnabled: true, locationContextEnabled: true, mobileEmulationEnabled: false, nativeEvents: true, networkConnectionEnabled: false, pageLoadStrategy: normal, platform: XP, platformName: XP, rotatable: false, setWindowRect: true, takesHeapSnapshot: true, takesScreenshot: true, unexpectedAlertBehaviour: , unhandledPromptBehavior: , version: 66.0.3359.139, webStorageEnabled: true}
Session ID: 64c1dfd6b44765b22146ed9ed420953d
*** Element info: {Using=xpath, value=//div[(text() = '
      Well done! You successfully added the transaction.
    ' or . = '
      Well done! You successfully added the transaction.
    ')]})]]></system-err>
   </testsuite>
</testsuites>
